[INFO  - 2016-12-06T06:15:07.513Z] GhostDriver - Main - running on port 34232
[INFO  - 2016-12-06T06:15:07.723Z] Session [55db3660-bb7b-11e6-9f76-c7f8b6cd5624] - page.settings - {"XSSAuditingEnabled":false,"javascriptCanCloseWindows":true,"javascriptCanOpenWindows":true,"javascriptEnabled":true,"loadImages":true,"localToRemoteUrlAccessEnabled":false,"userAgent":"Mozilla/5.0 (Windows NT 6.1; WOW64) AppleWebKit/538.1 (KHTML, like Gecko) PhantomJS/2.1.1 Safari/538.1","webSecurityEnabled":true}
[INFO  - 2016-12-06T06:15:07.723Z] Session [55db3660-bb7b-11e6-9f76-c7f8b6cd5624] - page.customHeaders:  - {}
[INFO  - 2016-12-06T06:15:07.723Z] Session [55db3660-bb7b-11e6-9f76-c7f8b6cd5624] - Session.negotiatedCapabilities - {"browserName":"phantomjs","version":"2.1.1","driverName":"ghostdriver","driverVersion":"1.2.0","platform":"windows-7-32bit","javascriptEnabled":true,"takesScreenshot":true,"handlesAlerts":false,"databaseEnabled":false,"locationContextEnabled":false,"applicationCacheEnabled":false,"browserConnectionEnabled":false,"cssSelectorsEnabled":true,"webStorageEnabled":false,"rotatable":false,"acceptSslCerts":false,"nativeEvents":true,"proxy":{"proxyType":"direct"}}
[INFO  - 2016-12-06T06:15:07.724Z] SessionManagerReqHand - _postNewSessionCommand - New Session Created: 55db3660-bb7b-11e6-9f76-c7f8b6cd5624
[INFO  - 2016-12-06T06:15:08.993Z] Session [55db3660-bb7b-11e6-9f76-c7f8b6cd5624] - page.settings - {"XSSAuditingEnabled":false,"javascriptCanCloseWindows":true,"javascriptCanOpenWindows":true,"javascriptEnabled":true,"loadImages":true,"localToRemoteUrlAccessEnabled":false,"userAgent":"Mozilla/5.0 (Windows NT 6.1; WOW64) AppleWebKit/538.1 (KHTML, like Gecko) PhantomJS/2.1.1 Safari/538.1","webSecurityEnabled":true}
[INFO  - 2016-12-06T06:15:08.993Z] Session [55db3660-bb7b-11e6-9f76-c7f8b6cd5624] - page.customHeaders:  - {}
[INFO  - 2016-12-06T06:15:12.287Z] Session [55db3660-bb7b-11e6-9f76-c7f8b6cd5624] - page.settings - {"XSSAuditingEnabled":false,"javascriptCanCloseWindows":true,"javascriptCanOpenWindows":true,"javascriptEnabled":true,"loadImages":true,"localToRemoteUrlAccessEnabled":false,"userAgent":"Mozilla/5.0 (Windows NT 6.1; WOW64) AppleWebKit/538.1 (KHTML, like Gecko) PhantomJS/2.1.1 Safari/538.1","webSecurityEnabled":true}
[INFO  - 2016-12-06T06:15:12.287Z] Session [55db3660-bb7b-11e6-9f76-c7f8b6cd5624] - page.customHeaders:  - {}
[INFO  - 2016-12-06T06:15:15.033Z] Session [55db3660-bb7b-11e6-9f76-c7f8b6cd5624] - page.settings - {"XSSAuditingEnabled":false,"javascriptCanCloseWindows":true,"javascriptCanOpenWindows":true,"javascriptEnabled":true,"loadImages":true,"localToRemoteUrlAccessEnabled":false,"userAgent":"Mozilla/5.0 (Windows NT 6.1; WOW64) AppleWebKit/538.1 (KHTML, like Gecko) PhantomJS/2.1.1 Safari/538.1","webSecurityEnabled":true}
[INFO  - 2016-12-06T06:15:15.034Z] Session [55db3660-bb7b-11e6-9f76-c7f8b6cd5624] - page.customHeaders:  - {}
[INFO  - 2016-12-06T06:20:07.517Z] SessionManagerReqHand - _cleanupWindowlessSessions - Asynchronous Sessions clean-up phase starting NOW
[INFO  - 2016-12-06T06:25:07.519Z] SessionManagerReqHand - _cleanupWindowlessSessions - Asynchronous Sessions clean-up phase starting NOW
[INFO  - 2016-12-06T06:30:07.521Z] SessionManagerReqHand - _cleanupWindowlessSessions - Asynchronous Sessions clean-up phase starting NOW
[INFO  - 2016-12-06T06:35:07.522Z] SessionManagerReqHand - _cleanupWindowlessSessions - Asynchronous Sessions clean-up phase starting NOW
[INFO  - 2016-12-06T06:40:07.524Z] SessionManagerReqHand - _cleanupWindowlessSessions - Asynchronous Sessions clean-up phase starting NOW
[INFO  - 2016-12-06T06:45:07.524Z] SessionManagerReqHand - _cleanupWindowlessSessions - Asynchronous Sessions clean-up phase starting NOW
[INFO  - 2016-12-06T06:50:07.560Z] SessionManagerReqHand - _cleanupWindowlessSessions - Asynchronous Sessions clean-up phase starting NOW
[INFO  - 2016-12-06T23:46:41.031Z] SessionManagerReqHand - _cleanupWindowlessSessions - Asynchronous Sessions clean-up phase starting NOW
[INFO  - 2016-12-06T23:51:41.019Z] SessionManagerReqHand - _cleanupWindowlessSessions - Asynchronous Sessions clean-up phase starting NOW
[INFO  - 2016-12-06T23:56:41.028Z] SessionManagerReqHand - _cleanupWindowlessSessions - Asynchronous Sessions clean-up phase starting NOW
[INFO  - 2016-12-07T00:01:41.028Z] SessionManagerReqHand - _cleanupWindowlessSessions - Asynchronous Sessions clean-up phase starting NOW
[INFO  - 2016-12-07T00:06:41.028Z] SessionManagerReqHand - _cleanupWindowlessSessions - Asynchronous Sessions clean-up phase starting NOW
[INFO  - 2016-12-07T00:11:41.063Z] SessionManagerReqHand - _cleanupWindowlessSessions - Asynchronous Sessions clean-up phase starting NOW
[INFO  - 2016-12-07T00:16:41.063Z] SessionManagerReqHand - _cleanupWindowlessSessions - Asynchronous Sessions clean-up phase starting NOW
[INFO  - 2016-12-07T00:21:41.063Z] SessionManagerReqHand - _cleanupWindowlessSessions - Asynchronous Sessions clean-up phase starting NOW
[INFO  - 2016-12-07T00:26:41.063Z] SessionManagerReqHand - _cleanupWindowlessSessions - Asynchronous Sessions clean-up phase starting NOW
[INFO  - 2016-12-07T00:31:41.070Z] SessionManagerReqHand - _cleanupWindowlessSessions - Asynchronous Sessions clean-up phase starting NOW
[INFO  - 2016-12-07T00:36:41.070Z] SessionManagerReqHand - _cleanupWindowlessSessions - Asynchronous Sessions clean-up phase starting NOW
[INFO  - 2016-12-07T00:41:41.072Z] SessionManagerReqHand - _cleanupWindowlessSessions - Asynchronous Sessions clean-up phase starting NOW
[INFO  - 2016-12-07T00:46:41.104Z] SessionManagerReqHand - _cleanupWindowlessSessions - Asynchronous Sessions clean-up phase starting NOW
[INFO  - 2016-12-07T00:51:41.107Z] SessionManagerReqHand - _cleanupWindowlessSessions - Asynchronous Sessions clean-up phase starting NOW
[INFO  - 2016-12-07T00:56:41.113Z] SessionManagerReqHand - _cleanupWindowlessSessions - Asynchronous Sessions clean-up phase starting NOW
[INFO  - 2016-12-07T01:01:41.113Z] SessionManagerReqHand - _cleanupWindowlessSessions - Asynchronous Sessions clean-up phase starting NOW
[INFO  - 2016-12-07T01:06:41.118Z] SessionManagerReqHand - _cleanupWindowlessSessions - Asynchronous Sessions clean-up phase starting NOW
[INFO  - 2016-12-07T01:11:41.119Z] SessionManagerReqHand - _cleanupWindowlessSessions - Asynchronous Sessions clean-up phase starting NOW
[INFO  - 2016-12-07T01:16:41.153Z] SessionManagerReqHand - _cleanupWindowlessSessions - Asynchronous Sessions clean-up phase starting NOW
[INFO  - 2016-12-07T01:21:41.159Z] SessionManagerReqHand - _cleanupWindowlessSessions - Asynchronous Sessions clean-up phase starting NOW
[INFO  - 2016-12-07T01:26:41.167Z] SessionManagerReqHand - _cleanupWindowlessSessions - Asynchronous Sessions clean-up phase starting NOW
[INFO  - 2016-12-07T01:31:41.174Z] SessionManagerReqHand - _cleanupWindowlessSessions - Asynchronous Sessions clean-up phase starting NOW
[INFO  - 2016-12-07T01:36:41.179Z] SessionManagerReqHand - _cleanupWindowlessSessions - Asynchronous Sessions clean-up phase starting NOW
[INFO  - 2016-12-07T01:41:41.179Z] SessionManagerReqHand - _cleanupWindowlessSessions - Asynchronous Sessions clean-up phase starting NOW
[INFO  - 2016-12-07T01:46:41.182Z] SessionManagerReqHand - _cleanupWindowlessSessions - Asynchronous Sessions clean-up phase starting NOW
[INFO  - 2016-12-07T01:51:41.218Z] SessionManagerReqHand - _cleanupWindowlessSessions - Asynchronous Sessions clean-up phase starting NOW
[INFO  - 2016-12-07T01:56:41.220Z] SessionManagerReqHand - _cleanupWindowlessSessions - Asynchronous Sessions clean-up phase starting NOW
[INFO  - 2016-12-07T02:01:41.229Z] SessionManagerReqHand - _cleanupWindowlessSessions - Asynchronous Sessions clean-up phase starting NOW
[INFO  - 2016-12-07T02:06:41.232Z] SessionManagerReqHand - _cleanupWindowlessSessions - Asynchronous Sessions clean-up phase starting NOW
[INFO  - 2016-12-07T02:11:41.235Z] SessionManagerReqHand - _cleanupWindowlessSessions - Asynchronous Sessions clean-up phase starting NOW
[INFO  - 2016-12-07T02:16:41.239Z] SessionManagerReqHand - _cleanupWindowlessSessions - Asynchronous Sessions clean-up phase starting NOW
[INFO  - 2016-12-07T02:21:41.277Z] SessionManagerReqHand - _cleanupWindowlessSessions - Asynchronous Sessions clean-up phase starting NOW
[INFO  - 2016-12-07T02:26:41.284Z] SessionManagerReqHand - _cleanupWindowlessSessions - Asynchronous Sessions clean-up phase starting NOW
[INFO  - 2016-12-07T02:31:41.291Z] SessionManagerReqHand - _cleanupWindowlessSessions - Asynchronous Sessions clean-up phase starting NOW
[INFO  - 2016-12-07T02:36:41.291Z] SessionManagerReqHand - _cleanupWindowlessSessions - Asynchronous Sessions clean-up phase starting NOW
[INFO  - 2016-12-07T02:41:41.291Z] SessionManagerReqHand - _cleanupWindowlessSessions - Asynchronous Sessions clean-up phase starting NOW
[INFO  - 2016-12-07T02:46:41.293Z] SessionManagerReqHand - _cleanupWindowlessSessions - Asynchronous Sessions clean-up phase starting NOW
[INFO  - 2016-12-07T02:51:41.295Z] SessionManagerReqHand - _cleanupWindowlessSessions - Asynchronous Sessions clean-up phase starting NOW
[INFO  - 2016-12-07T02:56:41.332Z] SessionManagerReqHand - _cleanupWindowlessSessions - Asynchronous Sessions clean-up phase starting NOW
[INFO  - 2016-12-07T03:01:41.338Z] SessionManagerReqHand - _cleanupWindowlessSessions - Asynchronous Sessions clean-up phase starting NOW
[INFO  - 2016-12-07T03:06:41.338Z] SessionManagerReqHand - _cleanupWindowlessSessions - Asynchronous Sessions clean-up phase starting NOW
[INFO  - 2016-12-07T03:11:41.341Z] SessionManagerReqHand - _cleanupWindowlessSessions - Asynchronous Sessions clean-up phase starting NOW
[INFO  - 2016-12-07T03:16:41.342Z] SessionManagerReqHand - _cleanupWindowlessSessions - Asynchronous Sessions clean-up phase starting NOW
[INFO  - 2016-12-07T03:21:41.350Z] SessionManagerReqHand - _cleanupWindowlessSessions - Asynchronous Sessions clean-up phase starting NOW
[INFO  - 2016-12-07T03:26:41.358Z] SessionManagerReqHand - _cleanupWindowlessSessions - Asynchronous Sessions clean-up phase starting NOW
[INFO  - 2016-12-07T03:31:41.389Z] SessionManagerReqHand - _cleanupWindowlessSessions - Asynchronous Sessions clean-up phase starting NOW
[INFO  - 2016-12-07T03:36:41.393Z] SessionManagerReqHand - _cleanupWindowlessSessions - Asynchronous Sessions clean-up phase starting NOW
[INFO  - 2016-12-07T03:41:41.396Z] SessionManagerReqHand - _cleanupWindowlessSessions - Asynchronous Sessions clean-up phase starting NOW
[INFO  - 2016-12-07T03:46:41.397Z] SessionManagerReqHand - _cleanupWindowlessSessions - Asynchronous Sessions clean-up phase starting NOW
[INFO  - 2016-12-07T03:51:41.399Z] SessionManagerReqHand - _cleanupWindowlessSessions - Asynchronous Sessions clean-up phase starting NOW
[INFO  - 2016-12-07T03:56:41.401Z] SessionManagerReqHand - _cleanupWindowlessSessions - Asynchronous Sessions clean-up phase starting NOW
[INFO  - 2016-12-07T04:01:41.442Z] SessionManagerReqHand - _cleanupWindowlessSessions - Asynchronous Sessions clean-up phase starting NOW
[INFO  - 2016-12-07T04:06:41.450Z] SessionManagerReqHand - _cleanupWindowlessSessions - Asynchronous Sessions clean-up phase starting NOW
[INFO  - 2016-12-07T04:11:41.455Z] SessionManagerReqHand - _cleanupWindowlessSessions - Asynchronous Sessions clean-up phase starting NOW
[INFO  - 2016-12-07T04:16:41.458Z] SessionManagerReqHand - _cleanupWindowlessSessions - Asynchronous Sessions clean-up phase starting NOW
[INFO  - 2016-12-07T04:21:41.466Z] SessionManagerReqHand - _cleanupWindowlessSessions - Asynchronous Sessions clean-up phase starting NOW
[INFO  - 2016-12-07T04:26:41.472Z] SessionManagerReqHand - _cleanupWindowlessSessions - Asynchronous Sessions clean-up phase starting NOW
[INFO  - 2016-12-07T04:31:41.475Z] SessionManagerReqHand - _cleanupWindowlessSessions - Asynchronous Sessions clean-up phase starting NOW
[INFO  - 2016-12-07T04:36:41.514Z] SessionManagerReqHand - _cleanupWindowlessSessions - Asynchronous Sessions clean-up phase starting NOW
[INFO  - 2016-12-07T04:41:41.522Z] SessionManagerReqHand - _cleanupWindowlessSessions - Asynchronous Sessions clean-up phase starting NOW
[INFO  - 2016-12-07T04:46:41.526Z] SessionManagerReqHand - _cleanupWindowlessSessions - Asynchronous Sessions clean-up phase starting NOW
[INFO  - 2016-12-07T04:51:41.529Z] SessionManagerReqHand - _cleanupWindowlessSessions - Asynchronous Sessions clean-up phase starting NOW
[INFO  - 2016-12-07T04:56:41.529Z] SessionManagerReqHand - _cleanupWindowlessSessions - Asynchronous Sessions clean-up phase starting NOW
[INFO  - 2016-12-07T05:01:41.529Z] SessionManagerReqHand - _cleanupWindowlessSessions - Asynchronous Sessions clean-up phase starting NOW
 clean-up phase starting NOW
[INFO  - 2016-12-07T01:46:41.192Z] SessionManagerReqHand - _cleanupWindowlessSessions - Asynchronous Sessions clean-up phase starting NOW
[INFO  - 2016-12-07T01:51:41.198Z] SessionManagerReqHand - _cleanupWindowlessSessions - Asynchronous Sessions clean-up phase starting NOW
[INFO  - 2016-12-07T01:56:41.200Z] SessionManagerReqHand - _cleanupWindowlessSessions - Asynchronous Sessions clean-up phase starting NOW
[INFO  - 2016-12-07T02:01:41.240Z] SessionManagerReqHand - _cleanupWindowlessSessions - Asynchronous Sessions clean-up phase starting NOW
[INFO  - 2016-12-07T02:06:41.242Z] SessionManagerReqHand - _cleanupWindowlessSessions - Asynchronous Sessions clean-up phase starting NOW
[INFO  - 2016-12-07T02:11:41.247Z] SessionManagerReqHand - _cleanupWindowlessSessions - Asynchronous Sessions clean-up phase starting NOW
[INFO  - 2016-12-07T02:16:41.250Z] SessionManagerReqHand - _cleanupWindowlessSessions - Asynchronous Sessions clean-up phase starting NOW
[INFO  - 2016-12-07T02:21:41.253Z] SessionManagerReqHand - _cleanupWindowlessSessions - Asynchronous Sessions clean-up phase starting NOW
[INFO  - 2016-12-07T02:26:41.260Z] SessionManagerReqHand - _cleanupWindowlessSessions - Asynchronous Sessions clean-up phase starting NOW
[INFO  - 2016-12-07T02:31:41.302Z] SessionManagerReqHand - _cleanupWindowlessSessions - Asynchronous Sessions clean-up phase starting NOW
[INFO  - 2016-12-07T02:36:41.312Z] SessionManagerReqHand - _cleanupWindowlessSessions - Asynchronous Sessions clean-up phase starting NOW
[INFO  - 2016-12-07T02:41:41.311Z] SessionManagerReqHand - _cleanupWindowlessSessions - Asynchronous Sessions clean-up phase starting NOW
[INFO  - 2016-12-07T02:46:41.313Z] SessionManagerReqHand - _cleanupWindowlessSessions - Asynchronous Sessions clean-up phase starting NOW
[INFO  - 2016-12-07T02:51:41.316Z] SessionManagerReqHand - _cleanupWindowlessSessions - Asynchronous Sessions clean-up phase starting NOW
[INFO  - 2016-12-07T02:56:41.319Z] SessionManagerReqHand - _cleanupWindowlessSessions - Asynchronous Sessions clean-up phase starting NOW
[INFO  - 2016-12-07T03:01:41.326Z] SessionManagerReqHand - _cleanupWindowlessSessions - Asynchronous Sessions clean-up phase starting NOW
[INFO  - 2016-12-07T03:06:41.359Z] SessionManagerReqHand - _cleanupWindowlessSessions - Asynchronous Sessions clean-up phase starting NOW
[INFO  - 2016-12-07T03:11:41.361Z] SessionManagerReqHand - _cleanupWindowlessSessions - Asynchronous Sessions clean-up phase starting NOW
[INFO  - 2016-12-07T03:16:41.362Z] SessionManagerReqHand - _cleanupWindowlessSessions - Asynchronous Sessions clean-up phase starting NOW
[INFO  - 2016-12-07T03:21:41.370Z] SessionManagerReqHand - _cleanupWindowlessSessions - Asynchronous Sessions clean-up phase starting NOW
[INFO  - 2016-12-07T03:26:41.377Z] SessionManagerReqHand - _cleanupWindowlessSessions - Asynchronous Sessions clean-up phase starting NOW
[INFO  - 2016-12-07T03:31:41.377Z] SessionManagerReqHand - _cleanupWindowlessSessions - Asynchronous Sessions clean-up phase starting NOW
[INFO  - 2016-12-07T03:36:41.382Z] SessionManagerReqHand - _cleanupWindowlessSessions - Asynchronous Sessions clean-up phase starting NOW
[INFO  - 2016-12-07T03:41:41.414Z] SessionManagerReqHand - _cleanupWindowlessSessions - Asynchronous Sessions clean-up phase starting NOW
[INFO  - 2016-12-07T03:46:41.417Z] SessionManagerReqHand - _cleanupWindowlessSessions - Asynchronous Sessions clean-up phase starting NOW
[INFO  - 2016-12-07T03:51:41.420Z] SessionManagerReqHand - _cleanupWindowlessSessions - Asynchronous Sessions clean-up phase starting NOW
[INFO  - 2016-12-07T03:56:41.422Z] SessionManagerReqHand - _cleanupWindowlessSessions - Asynchronous Sessions clean-up phase starting NOW
[INFO  - 2016-12-07T04:01:41.428Z] SessionManagerReqHand - _cleanupWindowlessSessions - Asynchronous Sessions clean-up phase starting NOW
[INFO  - 2016-12-07T04:06:41.436Z] SessionManagerReqHand - _cleanupWindowlessSessions - Asynchronous Sessions clean-up phase starting NOW
[INFO  - 2016-12-07T04:11:41.475Z] SessionManagerReqHand - _cleanupWindowlessSessions - Asynchronous Sessions clean-up phase starting NOW
[INFO  - 2016-12-07T04:16:41.478Z] SessionManagerReqHand - _cleanupWindowlessSessions - Asynchronous Sessions clean-up phase starting NOW
[INFO  - 2016-12-07T04:21:41.486Z] SessionManagerReqHand - _cleanupWindowlessSessions - Asynchronous Sessions clean-up phase starting NOW
[INFO  - 2016-12-07T04:26:41.492Z] SessionManagerReqHand - _cleanupWindowlessSessions - Asynchronous Sessions clean-up phase starting NOW
[INFO  - 2016-12-07T04:31:41.497Z] SessionManagerReqHand - _cleanupWindowlessSessions - Asynchronous Sessions clean-up phase starting NOW
[INFO  - 2016-12-07T04:36:41.499Z] SessionManagerReqHand - _cleanupWindowlessSessions - Asynchronous Sessions clean-up phase starting NOW
[INFO  - 2016-12-07T04:41:41.506Z] SessionManagerReqHand - _cleanupWindowlessSessions - Asynchronous Sessions clean-up phase starting NOW
[INFO  - 2016-12-07T04:46:41.542Z] SessionManagerReqHand - _cleanupWindowlessSessions - Asynchronous Sessions clean-up phase starting NOW
[INFO  - 2016-12-07T04:51:41.545Z] SessionManagerReqHand - _cleanupWindowlessSessions - Asynchronous Sessions clean-up phase starting NOW
[INFO  - 2016-12-07T04:56:41.546Z] SessionManagerReqHand - _cleanupWindowlessSessions - Asynchronous Sessions clean-up phase starting NOW
[INFO  - 2016-12-07T05:01:41.546Z] SessionManagerReqHand - _cleanupWindowlessSessions - Asynchronous Sessions clean-up phase starting NOW
ue}
[INFO  - 2016-12-06T06:23:16.565Z] Session [5ac1adc0-bb7c-11e6-9514-11beefd3c12e] - page.customHeaders:  - {}
[INFO  - 2016-12-06T06:23:18.957Z] Session [5ac1adc0-bb7c-11e6-9514-11beefd3c12e] - page.settings - {"XSSAuditingEnabled":false,"javascriptCanCloseWindows":true,"javascriptCanOpenWindows":true,"javascriptEnabled":true,"loadImages":true,"localToRemoteUrlAccessEnabled":false,"userAgent":"Mozilla/5.0 (Windows NT 6.1; WOW64) AppleWebKit/538.1 (KHTML, like Gecko) PhantomJS/2.1.1 Safari/538.1","webSecurityEnabled":true}
[INFO  - 2016-12-06T06:23:18.957Z] Session [5ac1adc0-bb7c-11e6-9514-11beefd3c12e] - page.customHeaders:  - {}
[INFO  - 2016-12-06T06:23:21.300Z] Session [5ac1adc0-bb7c-11e6-9514-11beefd3c12e] - page.settings - {"XSSAuditingEnabled":false,"javascriptCanCloseWindows":true,"javascriptCanOpenWindows":true,"javascriptEnabled":true,"loadImages":true,"localToRemoteUrlAccessEnabled":false,"userAgent":"Mozilla/5.0 (Windows NT 6.1; WOW64) AppleWebKit/538.1 (KHTML, like Gecko) PhantomJS/2.1.1 Safari/538.1","webSecurityEnabled":true}
[INFO  - 2016-12-06T06:23:21.300Z] Session [5ac1adc0-bb7c-11e6-9514-11beefd3c12e] - page.customHeaders:  - {}
[INFO  - 2016-12-06T06:23:23.670Z] Session [5ac1adc0-bb7c-11e6-9514-11beefd3c12e] - page.settings - {"XSSAuditingEnabled":false,"javascriptCanCloseWindows":true,"javascriptCanOpenWindows":true,"javascriptEnabled":true,"loadImages":true,"localToRemoteUrlAccessEnabled":false,"userAgent":"Mozilla/5.0 (Windows NT 6.1; WOW64) AppleWebKit/538.1 (KHTML, like Gecko) PhantomJS/2.1.1 Safari/538.1","webSecurityEnabled":true}
[INFO  - 2016-12-06T06:23:23.670Z] Session [5ac1adc0-bb7c-11e6-9514-11beefd3c12e] - page.customHeaders:  - {}
[INFO  - 2016-12-06T06:23:26.442Z] Session [5ac1adc0-bb7c-11e6-9514-11beefd3c12e] - page.settings - {"XSSAuditingEnabled":false,"javascriptCanCloseWindows":true,"javascriptCanOpenWindows":true,"javascriptEnabled":true,"loadImages":true,"localToRemoteUrlAccessEnabled":false,"userAgent":"Mozilla/5.0 (Windows NT 6.1; WOW64) AppleWebKit/538.1 (KHTML, like Gecko) PhantomJS/2.1.1 Safari/538.1","webSecurityEnabled":true}
[INFO  - 2016-12-06T06:23:26.442Z] Session [5ac1adc0-bb7c-11e6-9514-11beefd3c12e] - page.customHeaders:  - {}
[INFO  - 2016-12-06T06:23:28.777Z] Session [5ac1adc0-bb7c-11e6-9514-11beefd3c12e] - page.settings - {"XSSAuditingEnabled":false,"javascriptCanCloseWindows":true,"javascriptCanOpenWindows":true,"javascriptEnabled":true,"loadImages":true,"localToRemoteUrlAccessEnabled":false,"userAgent":"Mozilla/5.0 (Windows NT 6.1; WOW64) AppleWebKit/538.1 (KHTML, like Gecko) PhantomJS/2.1.1 Safari/538.1","webSecurityEnabled":true}
[INFO  - 2016-12-06T06:23:28.777Z] Session [5ac1adc0-bb7c-11e6-9514-11beefd3c12e] - page.customHeaders:  - {}
[INFO  - 2016-12-06T06:23:31.099Z] Session [5ac1adc0-bb7c-11e6-9514-11beefd3c12e] - page.settings - {"XSSAuditingEnabled":false,"javascriptCanCloseWindows":true,"javascriptCanOpenWindows":true,"javascriptEnabled":true,"loadImages":true,"localToRemoteUrlAccessEnabled":false,"userAgent":"Mozilla/5.0 (Windows NT 6.1; WOW64) AppleWebKit/538.1 (KHTML, like Gecko) PhantomJS/2.1.1 Safari/538.1","webSecurityEnabled":true}
[INFO  - 2016-12-06T06:23:31.099Z] Session [5ac1adc0-bb7c-11e6-9514-11beefd3c12e] - page.customHeaders:  - {}
[INFO  - 2016-12-06T06:23:33.671Z] Session [5ac1adc0-bb7c-11e6-9514-11beefd3c12e] - page.settings - {"XSSAuditingEnabled":false,"javascriptCanCloseWindows":true,"javascriptCanOpenWindows":true,"javascriptEnabled":true,"loadImages":true,"localToRemoteUrlAccessEnabled":false,"userAgent":"Mozilla/5.0 (Windows NT 6.1; WOW64) AppleWebKit/538.1 (KHTML, like Gecko) PhantomJS/2.1.1 Safari/538.1","webSecurityEnabled":true}
[INFO  - 2016-12-06T06:23:33.672Z] Session [5ac1adc0-bb7c-11e6-9514-11beefd3c12e] - page.customHeaders:  - {}
[INFO  - 2016-12-06T06:23:36.398Z] Session [5ac1adc0-bb7c-11e6-9514-11beefd3c12e] - page.settings - {"XSSAuditingEnabled":false,"javascriptCanCloseWindows":true,"javascriptCanOpenWindows":true,"javascriptEnabled":true,"loadImages":true,"localToRemoteUrlAccessEnabled":false,"userAgent":"Mozilla/5.0 (Windows NT 6.1; WOW64) AppleWebKit/538.1 (KHTML, like Gecko) PhantomJS/2.1.1 Safari/538.1","webSecurityEnabled":true}
[INFO  - 2016-12-06T06:23:36.398Z] Session [5ac1adc0-bb7c-11e6-9514-11beefd3c12e] - page.customHeaders:  - {}
[INFO  - 2016-12-06T06:23:38.724Z] Session [5ac1adc0-bb7c-11e6-9514-11beefd3c12e] - page.settings - {"XSSAuditingEnabled":false,"javascriptCanCloseWindows":true,"javascriptCanOpenWindows":true,"javascriptEnabled":true,"loadImages":true,"localToRemoteUrlAccessEnabled":false,"userAgent":"Mozilla/5.0 (Windows NT 6.1; WOW64) AppleWebKit/538.1 (KHTML, like Gecko) PhantomJS/2.1.1 Safari/538.1","webSecurityEnabled":true}
[INFO  - 2016-12-06T06:23:38.724Z] Session [5ac1adc0-bb7c-11e6-9514-11beefd3c12e] - page.customHeaders:  - {}
[INFO  - 2016-12-06T06:23:41.167Z] Session [5ac1adc0-bb7c-11e6-9514-11beefd3c12e] - page.settings - {"XSSAuditingEnabled":false,"javascriptCanCloseWindows":true,"javascriptCanOpenWindows":true,"javascriptEnabled":true,"loadImages":true,"localToRemoteUrlAccessEnabled":false,"userAgent":"Mozilla/5.0 (Windows NT 6.1; WOW64) AppleWebKit/538.1 (KHTML, like Gecko) PhantomJS/2.1.1 Safari/538.1","webSecurityEnabled":true}
[INFO  - 2016-12-06T06:23:41.168Z] Session [5ac1adc0-bb7c-11e6-9514-11beefd3c12e] - page.customHeaders:  - {}
[INFO  - 2016-12-06T06:23:43.647Z] Session [5ac1adc0-bb7c-11e6-9514-11beefd3c12e] - page.settings - {"XSSAuditingEnabled":false,"javascriptCanCloseWindows":true,"javascriptCanOpenWindows":true,"javascriptEnabled":true,"loadImages":true,"localToRemoteUrlAccessEnabled":false,"userAgent":"Mozilla/5.0 (Windows NT 6.1; WOW64) AppleWebKit/538.1 (KHTML, like Gecko) PhantomJS/2.1.1 Safari/538.1","webSecurityEnabled":true}
[INFO  - 2016-12-06T06:23:43.648Z] Session [5ac1adc0-bb7c-11e6-9514-11beefd3c12e] - page.customHeaders:  - {}
[INFO  - 2016-12-06T06:23:46.672Z] Session [5ac1adc0-bb7c-11e6-9514-11beefd3c12e] - page.settings - {"XSSAuditingEnabled":false,"javascriptCanCloseWindows":true,"javascriptCanOpenWindows":true,"javascriptEnabled":true,"loadImages":true,"localToRemoteUrlAccessEnabled":false,"userAgent":"Mozilla/5.0 (Windows NT 6.1; WOW64) AppleWebKit/538.1 (KHTML, like Gecko) PhantomJS/2.1.1 Safari/538.1","webSecurityEnabled":true}
[INFO  - 2016-12-06T06:23:46.672Z] Session [5ac1adc0-bb7c-11e6-9514-11beefd3c12e] - page.customHeaders:  - {}
[INFO  - 2016-12-06T06:23:51.219Z] Session [5ac1adc0-bb7c-11e6-9514-11beefd3c12e] - page.settings - {"XSSAuditingEnabled":false,"javascriptCanCloseWindows":true,"javascriptCanOpenWindows":true,"javascriptEnabled":true,"loadImages":true,"localToRemoteUrlAccessEnabled":false,"userAgent":"Mozilla/5.0 (Windows NT 6.1; WOW64) AppleWebKit/538.1 (KHTML, like Gecko) PhantomJS/2.1.1 Safari/538.1","webSecurityEnabled":true}
[INFO  - 2016-12-06T06:23:51.220Z] Session [5ac1adc0-bb7c-11e6-9514-11beefd3c12e] - page.customHeaders:  - {}
[INFO  - 2016-12-06T06:23:55.130Z] Session [5ac1adc0-bb7c-11e6-9514-11beefd3c12e] - page.settings - {"XSSAuditingEnabled":false,"javascriptCanCloseWindows":true,"javascriptCanOpenWindows":true,"javascriptEnabled":true,"loadImages":true,"localToRemoteUrlAccessEnabled":false,"userAgent":"Mozilla/5.0 (Windows NT 6.1; WOW64) AppleWebKit/538.1 (KHTML, like Gecko) PhantomJS/2.1.1 Safari/538.1","webSecurityEnabled":true}
[INFO  - 2016-12-06T06:23:55.130Z] Session [5ac1adc0-bb7c-11e6-9514-11beefd3c12e] - page.customHeaders:  - {}
[INFO  - 2016-12-06T06:23:59.059Z] Session [5ac1adc0-bb7c-11e6-9514-11beefd3c12e] - page.settings - {"XSSAuditingEnabled":false,"javascriptCanCloseWindows":true,"javascriptCanOpenWindows":true,"javascriptEnabled":true,"loadImages":true,"localToRemoteUrlAccessEnabled":false,"userAgent":"Mozilla/5.0 (Windows NT 6.1; WOW64) AppleWebKit/538.1 (KHTML, like Gecko) PhantomJS/2.1.1 Safari/538.1","webSecurityEnabled":true}
[INFO  - 2016-12-06T06:23:59.059Z] Session [5ac1adc0-bb7c-11e6-9514-11beefd3c12e] - page.customHeaders:  - {}
[INFO  - 2016-12-06T06:24:02.174Z] Session [5ac1adc0-bb7c-11e6-9514-11beefd3c12e] - page.settings - {"XSSAuditingEnabled":false,"javascriptCanCloseWindows":true,"javascriptCanOpenWindows":true,"javascriptEnabled":true,"loadImages":true,"localToRemoteUrlAccessEnabled":false,"userAgent":"Mozilla/5.0 (Windows NT 6.1; WOW64) AppleWebKit/538.1 (KHTML, like Gecko) PhantomJS/2.1.1 Safari/538.1","webSecurityEnabled":true}
[INFO  - 2016-12-06T06:24:02.174Z] Session [5ac1adc0-bb7c-11e6-9514-11beefd3c12e] - page.customHeaders:  - {}
[INFO  - 2016-12-06T06:24:05.109Z] Session [5ac1adc0-bb7c-11e6-9514-11beefd3c12e] - page.settings - {"XSSAuditingEnabled":false,"javascriptCanCloseWindows":true,"javascriptCanOpenWindows":true,"javascriptEnabled":true,"loadImages":true,"localToRemoteUrlAccessEnabled":false,"userAgent":"Mozilla/5.0 (Windows NT 6.1; WOW64) AppleWebKit/538.1 (KHTML, like Gecko) PhantomJS/2.1.1 Safari/538.1","webSecurityEnabled":true}
[INFO  - 2016-12-06T06:24:05.109Z] Session [5ac1adc0-bb7c-11e6-9514-11beefd3c12e] - page.customHeaders:  - {}
[INFO  - 2016-12-06T06:24:07.763Z] Session [5ac1adc0-bb7c-11e6-9514-11beefd3c12e] - page.settings - {"XSSAuditingEnabled":false,"javascriptCanCloseWindows":true,"javascriptCanOpenWindows":true,"javascriptEnabled":true,"loadImages":true,"localToRemoteUrlAccessEnabled":false,"userAgent":"Mozilla/5.0 (Windows NT 6.1; WOW64) AppleWebKit/538.1 (KHTML, like Gecko) PhantomJS/2.1.1 Safari/538.1","webSecurityEnabled":true}
[INFO  - 2016-12-06T06:24:07.763Z] Session [5ac1adc0-bb7c-11e6-9514-11beefd3c12e] - page.customHeaders:  - {}
[INFO  - 2016-12-06T06:24:10.271Z] Session [5ac1adc0-bb7c-11e6-9514-11beefd3c12e] - page.settings - {"XSSAuditingEnabled":false,"javascriptCanCloseWindows":true,"javascriptCanOpenWindows":true,"javascriptEnabled":true,"loadImages":true,"localToRemoteUrlAccessEnabled":false,"userAgent":"Mozilla/5.0 (Windows NT 6.1; WOW64) AppleWebKit/538.1 (KHTML, like Gecko) PhantomJS/2.1.1 Safari/538.1","webSecurityEnabled":true}
[INFO  - 2016-12-06T06:24:10.271Z] Session [5ac1adc0-bb7c-11e6-9514-11beefd3c12e] - page.customHeaders:  - {}
[INFO  - 2016-12-06T06:24:13.703Z] Session [5ac1adc0-bb7c-11e6-9514-11beefd3c12e] - page.settings - {"XSSAuditingEnabled":false,"javascriptCanCloseWindows":true,"javascriptCanOpenWindows":true,"javascriptEnabled":true,"loadImages":true,"localToRemoteUrlAccessEnabled":false,"userAgent":"Mozilla/5.0 (Windows NT 6.1; WOW64) AppleWebKit/538.1 (KHTML, like Gecko) PhantomJS/2.1.1 Safari/538.1","webSecurityEnabled":true}
[INFO  - 2016-12-06T06:24:13.703Z] Session [5ac1adc0-bb7c-11e6-9514-11beefd3c12e] - page.customHeaders:  - {}
[INFO  - 2016-12-06T06:24:16.727Z] Session [5ac1adc0-bb7c-11e6-9514-11beefd3c12e] - page.settings - {"XSSAuditingEnabled":false,"javascriptCanCloseWindows":true,"javascriptCanOpenWindows":true,"javascriptEnabled":true,"loadImages":true,"localToRemoteUrlAccessEnabled":false,"userAgent":"Mozilla/5.0 (Windows NT 6.1; WOW64) AppleWebKit/538.1 (KHTML, like Gecko) PhantomJS/2.1.1 Safari/538.1","webSecurityEnabled":true}
[INFO  - 2016-12-06T06:24:16.727Z] Session [5ac1adc0-bb7c-11e6-9514-11beefd3c12e] - page.customHeaders:  - {}
[INFO  - 2016-12-06T06:24:21.631Z] Session [5ac1adc0-bb7c-11e6-9514-11beefd3c12e] - page.settings - {"XSSAuditingEnabled":false,"javascriptCanCloseWindows":true,"javascriptCanOpenWindows":true,"javascriptEnabled":true,"loadImages":true,"localToRemoteUrlAccessEnabled":false,"userAgent":"Mozilla/5.0 (Windows NT 6.1; WOW64) AppleWebKit/538.1 (KHTML, like Gecko) PhantomJS/2.1.1 Safari/538.1","webSecurityEnabled":true}
[INFO  - 2016-12-06T06:24:21.631Z] Session [5ac1adc0-bb7c-11e6-9514-11beefd3c12e] - page.customHeaders:  - {}
[INFO  - 2016-12-06T06:24:25.032Z] Session [5ac1adc0-bb7c-11e6-9514-11beefd3c12e] - page.settings - {"XSSAuditingEnabled":false,"javascriptCanCloseWindows":true,"javascriptCanOpenWindows":true,"javascriptEnabled":true,"loadImages":true,"localToRemoteUrlAccessEnabled":false,"userAgent":"Mozilla/5.0 (Windows NT 6.1; WOW64) AppleWebKit/538.1 (KHTML, like Gecko) PhantomJS/2.1.1 Safari/538.1","webSecurityEnabled":true}
[INFO  - 2016-12-06T06:24:25.032Z] Session [5ac1adc0-bb7c-11e6-9514-11beefd3c12e] - page.customHeaders:  - {}
[INFO  - 2016-12-06T06:24:27.943Z] Session [5ac1adc0-bb7c-11e6-9514-11beefd3c12e] - page.settings - {"XSSAuditingEnabled":false,"javascriptCanCloseWindows":true,"javascriptCanOpenWindows":true,"javascriptEnabled":true,"loadImages":true,"localToRemoteUrlAccessEnabled":false,"userAgent":"Mozilla/5.0 (Windows NT 6.1; WOW64) AppleWebKit/538.1 (KHTML, like Gecko) PhantomJS/2.1.1 Safari/538.1","webSecurityEnabled":true}
[INFO  - 2016-12-06T06:24:27.943Z] Session [5ac1adc0-bb7c-11e6-9514-11beefd3c12e] - page.customHeaders:  - {}
[INFO  - 2016-12-06T06:24:30.522Z] Session [5ac1adc0-bb7c-11e6-9514-11beefd3c12e] - page.settings - {"XSSAuditingEnabled":false,"javascriptCanCloseWindows":true,"javascriptCanOpenWindows":true,"javascriptEnabled":true,"loadImages":true,"localToRemoteUrlAccessEnabled":false,"userAgent":"Mozilla/5.0 (Windows NT 6.1; WOW64) AppleWebKit/538.1 (KHTML, like Gecko) PhantomJS/2.1.1 Safari/538.1","webSecurityEnabled":true}
[INFO  - 2016-12-06T06:24:30.522Z] Session [5ac1adc0-bb7c-11e6-9514-11beefd3c12e] - page.customHeaders:  - {}
[INFO  - 2016-12-06T06:24:33.709Z] Session [5ac1adc0-bb7c-11e6-9514-11beefd3c12e] - page.settings - {"XSSAuditingEnabled":false,"javascriptCanCloseWindows":true,"javascriptCanOpenWindows":true,"javascriptEnabled":true,"loadImages":true,"localToRemoteUrlAccessEnabled":false,"userAgent":"Mozilla/5.0 (Windows NT 6.1; WOW64) AppleWebKit/538.1 (KHTML, like Gecko) PhantomJS/2.1.1 Safari/538.1","webSecurityEnabled":true}
[INFO  - 2016-12-06T06:24:33.709Z] Session [5ac1adc0-bb7c-11e6-9514-11beefd3c12e] - page.customHeaders:  - {}
[INFO  - 2016-12-06T06:24:37.854Z] Session [5ac1adc0-bb7c-11e6-9514-11beefd3c12e] - page.settings - {"XSSAuditingEnabled":false,"javascriptCanCloseWindows":true,"javascriptCanOpenWindows":true,"javascriptEnabled":true,"loadImages":true,"localToRemoteUrlAccessEnabled":false,"userAgent":"Mozilla/5.0 (Windows NT 6.1; WOW64) AppleWebKit/538.1 (KHTML, like Gecko) PhantomJS/2.1.1 Safari/538.1","webSecurityEnabled":true}
[INFO  - 2016-12-06T06:24:37.855Z] Session [5ac1adc0-bb7c-11e6-9514-11beefd3c12e] - page.customHeaders:  - {}
[INFO  - 2016-12-06T06:24:40.776Z] Session [5ac1adc0-bb7c-11e6-9514-11beefd3c12e] - page.settings - {"XSSAuditingEnabled":false,"javascriptCanCloseWindows":true,"javascriptCanOpenWindows":true,"javascriptEnabled":true,"loadImages":true,"localToRemoteUrlAccessEnabled":false,"userAgent":"Mozilla/5.0 (Windows NT 6.1; WOW64) AppleWebKit/538.1 (KHTML, like Gecko) PhantomJS/2.1.1 Safari/538.1","webSecurityEnabled":true}
[INFO  - 2016-12-06T06:24:40.776Z] Session [5ac1adc0-bb7c-11e6-9514-11beefd3c12e] - page.customHeaders:  - {}
[INFO  - 2016-12-06T06:27:25.473Z] SessionManagerReqHand - _cleanupWindowlessSessions - Asynchronous Sessions clean-up phase starting NOW
[INFO  - 2016-12-06T06:27:25.473Z] SessionManagerReqHand - _cleanupWindowlessSessions - Deleted Session '5ac1adc0-bb7c-11e6-9514-11beefd3c12e', because windowless
[INFO  - 2016-12-07T03:33:02.594Z] GhostDriver - Main - running on port 44098
[INFO  - 2016-12-07T03:33:02.795Z] Session [dbc28f50-bc2d-11e6-96db-7dc460dc10ec] - page.settings - {"XSSAuditingEnabled":false,"javascriptCanCloseWindows":true,"javascriptCanOpenWindows":true,"javascriptEnabled":true,"loadImages":true,"localToRemoteUrlAccessEnabled":false,"userAgent":"Mozilla/5.0 (Windows NT 6.1; WOW64) AppleWebKit/538.1 (KHTML, like Gecko) PhantomJS/2.1.1 Safari/538.1","webSecurityEnabled":true}
[INFO  - 2016-12-07T03:33:02.795Z] Session [dbc28f50-bc2d-11e6-96db-7dc460dc10ec] - page.customHeaders:  - {}
[INFO  - 2016-12-07T03:33:02.795Z] Session [dbc28f50-bc2d-11e6-96db-7dc460dc10ec] - Session.negotiatedCapabilities - {"browserName":"phantomjs","version":"2.1.1","driverName":"ghostdriver","driverVersion":"1.2.0","platform":"windows-7-32bit","javascriptEnabled":true,"takesScreenshot":true,"handlesAlerts":false,"databaseEnabled":false,"locationContextEnabled":false,"applicationCacheEnabled":false,"browserConnectionEnabled":false,"cssSelectorsEnabled":true,"webStorageEnabled":false,"rotatable":false,"acceptSslCerts":false,"nativeEvents":true,"proxy":{"proxyType":"direct"}}
[INFO  - 2016-12-07T03:33:02.795Z] SessionManagerReqHand - _postNewSessionCommand - New Session Created: dbc28f50-bc2d-11e6-96db-7dc460dc10ec
[INFO  - 2016-12-07T03:33:05.146Z] Session [dbc28f50-bc2d-11e6-96db-7dc460dc10ec] - page.settings - {"XSSAuditingEnabled":false,"javascriptCanCloseWindows":true,"javascriptCanOpenWindows":true,"javascriptEnabled":true,"loadImages":true,"localToRemoteUrlAccessEnabled":false,"userAgent":"Mozilla/5.0 (Windows NT 6.1; WOW64) AppleWebKit/538.1 (KHTML, like Gecko) PhantomJS/2.1.1 Safari/538.1","webSecurityEnabled":true}
[INFO  - 2016-12-07T03:33:05.147Z] Session [dbc28f50-bc2d-11e6-96db-7dc460dc10ec] - page.customHeaders:  - {}
[INFO  - 2016-12-07T03:33:09.276Z] Session [dbc28f50-bc2d-11e6-96db-7dc460dc10ec] - page.settings - {"XSSAuditingEnabled":false,"javascriptCanCloseWindows":true,"javascriptCanOpenWindows":true,"javascriptEnabled":true,"loadImages":true,"localToRemoteUrlAccessEnabled":false,"userAgent":"Mozilla/5.0 (Windows NT 6.1; WOW64) AppleWebKit/538.1 (KHTML, like Gecko) PhantomJS/2.1.1 Safari/538.1","webSecurityEnabled":true}
[INFO  - 2016-12-07T03:33:09.276Z] Session [dbc28f50-bc2d-11e6-96db-7dc460dc10ec] - page.customHeaders:  - {}
[INFO  - 2016-12-07T03:33:13.473Z] Session [dbc28f50-bc2d-11e6-96db-7dc460dc10ec] - page.settings - {"XSSAuditingEnabled":false,"javascriptCanCloseWindows":true,"javascriptCanOpenWindows":true,"javascriptEnabled":true,"loadImages":true,"localToRemoteUrlAccessEnabled":false,"userAgent":"Mozilla/5.0 (Windows NT 6.1; WOW64) AppleWebKit/538.1 (KHTML, like Gecko) PhantomJS/2.1.1 Safari/538.1","webSecurityEnabled":true}
[INFO  - 2016-12-07T03:33:13.474Z] Session [dbc28f50-bc2d-11e6-96db-7dc460dc10ec] - page.customHeaders:  - {}
[INFO  - 2016-12-07T03:33:16.691Z] Session [dbc28f50-bc2d-11e6-96db-7dc460dc10ec] - page.settings - {"XSSAuditingEnabled":false,"javascriptCanCloseWindows":true,"javascriptCanOpenWindows":true,"javascriptEnabled":true,"loadImages":true,"localToRemoteUrlAccessEnabled":false,"userAgent":"Mozilla/5.0 (Windows NT 6.1; WOW64) AppleWebKit/538.1 (KHTML, like Gecko) PhantomJS/2.1.1 Safari/538.1","webSecurityEnabled":true}
[INFO  - 2016-12-07T03:33:16.691Z] Session [dbc28f50-bc2d-11e6-96db-7dc460dc10ec] - page.customHeaders:  - {}
[INFO  - 2016-12-07T03:33:20.004Z] Session [dbc28f50-bc2d-11e6-96db-7dc460dc10ec] - page.settings - {"XSSAuditingEnabled":false,"javascriptCanCloseWindows":true,"javascriptCanOpenWindows":true,"javascriptEnabled":true,"loadImages":true,"localToRemoteUrlAccessEnabled":false,"userAgent":"Mozilla/5.0 (Windows NT 6.1; WOW64) AppleWebKit/538.1 (KHTML, like Gecko) PhantomJS/2.1.1 Safari/538.1","webSecurityEnabled":true}
[INFO  - 2016-12-07T03:33:20.005Z] Session [dbc28f50-bc2d-11e6-96db-7dc460dc10ec] - page.customHeaders:  - {}
[INFO  - 2016-12-07T03:33:23.527Z] Session [dbc28f50-bc2d-11e6-96db-7dc460dc10ec] - page.settings - {"XSSAuditingEnabled":false,"javascriptCanCloseWindows":true,"javascriptCanOpenWindows":true,"javascriptEnabled":true,"loadImages":true,"localToRemoteUrlAccessEnabled":false,"userAgent":"Mozilla/5.0 (Windows NT 6.1; WOW64) AppleWebKit/538.1 (KHTML, like Gecko) PhantomJS/2.1.1 Safari/538.1","webSecurityEnabled":true}
[INFO  - 2016-12-07T03:33:23.527Z] Session [dbc28f50-bc2d-11e6-96db-7dc460dc10ec] - page.customHeaders:  - {}
[INFO  - 2016-12-07T03:33:26.869Z] Session [dbc28f50-bc2d-11e6-96db-7dc460dc10ec] - page.settings - {"XSSAuditingEnabled":false,"javascriptCanCloseWindows":true,"javascriptCanOpenWindows":true,"javascriptEnabled":true,"loadImages":true,"localToRemoteUrlAccessEnabled":false,"userAgent":"Mozilla/5.0 (Windows NT 6.1; WOW64) AppleWebKit/538.1 (KHTML, like Gecko) PhantomJS/2.1.1 Safari/538.1","webSecurityEnabled":true}
[INFO  - 2016-12-07T03:33:26.869Z] Session [dbc28f50-bc2d-11e6-96db-7dc460dc10ec] - page.customHeaders:  - {}
[INFO  - 2016-12-07T03:33:30.139Z] Session [dbc28f50-bc2d-11e6-96db-7dc460dc10ec] - page.settings - {"XSSAuditingEnabled":false,"javascriptCanCloseWindows":true,"javascriptCanOpenWindows":true,"javascriptEnabled":true,"loadImages":true,"localToRemoteUrlAccessEnabled":false,"userAgent":"Mozilla/5.0 (Windows NT 6.1; WOW64) AppleWebKit/538.1 (KHTML, like Gecko) PhantomJS/2.1.1 Safari/538.1","webSecurityEnabled":true}
[INFO  - 2016-12-07T03:33:30.139Z] Session [dbc28f50-bc2d-11e6-96db-7dc460dc10ec] - page.customHeaders:  - {}
[INFO  - 2016-12-07T03:33:33.639Z] Session [dbc28f50-bc2d-11e6-96db-7dc460dc10ec] - page.settings - {"XSSAuditingEnabled":false,"javascriptCanCloseWindows":true,"javascriptCanOpenWindows":true,"javascriptEnabled":true,"loadImages":true,"localToRemoteUrlAccessEnabled":false,"userAgent":"Mozilla/5.0 (Windows NT 6.1; WOW64) AppleWebKit/538.1 (KHTML, like Gecko) PhantomJS/2.1.1 Safari/538.1","webSecurityEnabled":true}
[INFO  - 2016-12-07T03:33:33.639Z] Session [dbc28f50-bc2d-11e6-96db-7dc460dc10ec] - page.customHeaders:  - {}
[INFO  - 2016-12-07T03:33:37.018Z] Session [dbc28f50-bc2d-11e6-96db-7dc460dc10ec] - page.settings - {"XSSAuditingEnabled":false,"javascriptCanCloseWindows":true,"javascriptCanOpenWindows":true,"javascriptEnabled":true,"loadImages":true,"localToRemoteUrlAccessEnabled":false,"userAgent":"Mozilla/5.0 (Windows NT 6.1; WOW64) AppleWebKit/538.1 (KHTML, like Gecko) PhantomJS/2.1.1 Safari/538.1","webSecurityEnabled":true}
[INFO  - 2016-12-07T03:33:37.019Z] Session [dbc28f50-bc2d-11e6-96db-7dc460dc10ec] - page.customHeaders:  - {}
[INFO  - 2016-12-07T03:33:40.274Z] Session [dbc28f50-bc2d-11e6-96db-7dc460dc10ec] - page.settings - {"XSSAuditingEnabled":false,"javascriptCanCloseWindows":true,"javascriptCanOpenWindows":true,"javascriptEnabled":true,"loadImages":true,"localToRemoteUrlAccessEnabled":false,"userAgent":"Mozilla/5.0 (Windows NT 6.1; WOW64) AppleWebKit/538.1 (KHTML, like Gecko) PhantomJS/2.1.1 Safari/538.1","webSecurityEnabled":true}
[INFO  - 2016-12-07T03:33:40.274Z] Session [dbc28f50-bc2d-11e6-96db-7dc460dc10ec] - page.customHeaders:  - {}
[INFO  - 2016-12-07T03:33:44.103Z] Session [dbc28f50-bc2d-11e6-96db-7dc460dc10ec] - page.settings - {"XSSAuditingEnabled":false,"javascriptCanCloseWindows":true,"javascriptCanOpenWindows":true,"javascriptEnabled":true,"loadImages":true,"localToRemoteUrlAccessEnabled":false,"userAgent":"Mozilla/5.0 (Windows NT 6.1; WOW64) AppleWebKit/538.1 (KHTML, like Gecko) PhantomJS/2.1.1 Safari/538.1","webSecurityEnabled":true}
[INFO  - 2016-12-07T03:33:44.103Z] Session [dbc28f50-bc2d-11e6-96db-7dc460dc10ec] - page.customHeaders:  - {}
[INFO  - 2016-12-07T03:33:47.504Z] Session [dbc28f50-bc2d-11e6-96db-7dc460dc10ec] - page.settings - {"XSSAuditingEnabled":false,"javascriptCanCloseWindows":true,"javascriptCanOpenWindows":true,"javascriptEnabled":true,"loadImages":true,"localToRemoteUrlAccessEnabled":false,"userAgent":"Mozilla/5.0 (Windows NT 6.1; WOW64) AppleWebKit/538.1 (KHTML, like Gecko) PhantomJS/2.1.1 Safari/538.1","webSecurityEnabled":true}
[INFO  - 2016-12-07T03:33:47.504Z] Session [dbc28f50-bc2d-11e6-96db-7dc460dc10ec] - page.customHeaders:  - {}
[INFO  - 2016-12-07T03:33:50.728Z] Session [dbc28f50-bc2d-11e6-96db-7dc460dc10ec] - page.settings - {"XSSAuditingEnabled":false,"javascriptCanCloseWindows":true,"javascriptCanOpenWindows":true,"javascriptEnabled":true,"loadImages":true,"localToRemoteUrlAccessEnabled":false,"userAgent":"Mozilla/5.0 (Windows NT 6.1; WOW64) AppleWebKit/538.1 (KHTML, like Gecko) PhantomJS/2.1.1 Safari/538.1","webSecurityEnabled":true}
[INFO  - 2016-12-07T03:33:50.728Z] Session [dbc28f50-bc2d-11e6-96db-7dc460dc10ec] - page.customHeaders:  - {}
[INFO  - 2016-12-07T03:33:54.266Z] Session [dbc28f50-bc2d-11e6-96db-7dc460dc10ec] - page.settings - {"XSSAuditingEnabled":false,"javascriptCanCloseWindows":true,"javascriptCanOpenWindows":true,"javascriptEnabled":true,"loadImages":true,"localToRemoteUrlAccessEnabled":false,"userAgent":"Mozilla/5.0 (Windows NT 6.1; WOW64) AppleWebKit/538.1 (KHTML, like Gecko) PhantomJS/2.1.1 Safari/538.1","webSecurityEnabled":true}
[INFO  - 2016-12-07T03:33:54.266Z] Session [dbc28f50-bc2d-11e6-96db-7dc460dc10ec] - page.customHeaders:  - {}
[INFO  - 2016-12-07T03:33:57.122Z] Session [dbc28f50-bc2d-11e6-96db-7dc460dc10ec] - page.settings - {"XSSAuditingEnabled":false,"javascriptCanCloseWindows":true,"javascriptCanOpenWindows":true,"javascriptEnabled":true,"loadImages":true,"localToRemoteUrlAccessEnabled":false,"userAgent":"Mozilla/5.0 (Windows NT 6.1; WOW64) AppleWebKit/538.1 (KHTML, like Gecko) PhantomJS/2.1.1 Safari/538.1","webSecurityEnabled":true}
[INFO  - 2016-12-07T03:33:57.122Z] Session [dbc28f50-bc2d-11e6-96db-7dc460dc10ec] - page.customHeaders:  - {}
[INFO  - 2016-12-07T03:33:59.695Z] Session [dbc28f50-bc2d-11e6-96db-7dc460dc10ec] - page.settings - {"XSSAuditingEnabled":false,"javascriptCanCloseWindows":true,"javascriptCanOpenWindows":true,"javascriptEnabled":true,"loadImages":true,"localToRemoteUrlAccessEnabled":false,"userAgent":"Mozilla/5.0 (Windows NT 6.1; WOW64) AppleWebKit/538.1 (KHTML, like Gecko) PhantomJS/2.1.1 Safari/538.1","webSecurityEnabled":true}
[INFO  - 2016-12-07T03:33:59.695Z] Session [dbc28f50-bc2d-11e6-96db-7dc460dc10ec] - page.customHeaders:  - {}
[INFO  - 2016-12-07T03:34:02.334Z] Session [dbc28f50-bc2d-11e6-96db-7dc460dc10ec] - page.settings - {"XSSAuditingEnabled":false,"javascriptCanCloseWindows":true,"javascriptCanOpenWindows":true,"javascriptEnabled":true,"loadImages":true,"localToRemoteUrlAccessEnabled":false,"userAgent":"Mozilla/5.0 (Windows NT 6.1; WOW64) AppleWebKit/538.1 (KHTML, like Gecko) PhantomJS/2.1.1 Safari/538.1","webSecurityEnabled":true}
[INFO  - 2016-12-07T03:34:02.335Z] Session [dbc28f50-bc2d-11e6-96db-7dc460dc10ec] - page.customHeaders:  - {}
[INFO  - 2016-12-07T03:34:06.243Z] Session [dbc28f50-bc2d-11e6-96db-7dc460dc10ec] - page.settings - {"XSSAuditingEnabled":false,"javascriptCanCloseWindows":true,"javascriptCanOpenWindows":true,"javascriptEnabled":true,"loadImages":true,"localToRemoteUrlAccessEnabled":false,"userAgent":"Mozilla/5.0 (Windows NT 6.1; WOW64) AppleWebKit/538.1 (KHTML, like Gecko) PhantomJS/2.1.1 Safari/538.1","webSecurityEnabled":true}
[INFO  - 2016-12-07T03:34:06.244Z] Session [dbc28f50-bc2d-11e6-96db-7dc460dc10ec] - page.customHeaders:  - {}
[INFO  - 2016-12-07T03:34:08.658Z] Session [dbc28f50-bc2d-11e6-96db-7dc460dc10ec] - page.settings - {"XSSAuditingEnabled":false,"javascriptCanCloseWindows":true,"javascriptCanOpenWindows":true,"javascriptEnabled":true,"loadImages":true,"localToRemoteUrlAccessEnabled":false,"userAgent":"Mozilla/5.0 (Windows NT 6.1; WOW64) AppleWebKit/538.1 (KHTML, like Gecko) PhantomJS/2.1.1 Safari/538.1","webSecurityEnabled":true}
[INFO  - 2016-12-07T03:34:08.658Z] Session [dbc28f50-bc2d-11e6-96db-7dc460dc10ec] - page.customHeaders:  - {}
[INFO  - 2016-12-07T03:34:11.014Z] Session [dbc28f50-bc2d-11e6-96db-7dc460dc10ec] - page.settings - {"XSSAuditingEnabled":false,"javascriptCanCloseWindows":true,"javascriptCanOpenWindows":true,"javascriptEnabled":true,"loadImages":true,"localToRemoteUrlAccessEnabled":false,"userAgent":"Mozilla/5.0 (Windows NT 6.1; WOW64) AppleWebKit/538.1 (KHTML, like Gecko) PhantomJS/2.1.1 Safari/538.1","webSecurityEnabled":true}
[INFO  - 2016-12-07T03:34:11.014Z] Session [dbc28f50-bc2d-11e6-96db-7dc460dc10ec] - page.customHeaders:  - {}
[INFO  - 2016-12-07T03:34:13.933Z] Session [dbc28f50-bc2d-11e6-96db-7dc460dc10ec] - page.settings - {"XSSAuditingEnabled":false,"javascriptCanCloseWindows":true,"javascriptCanOpenWindows":true,"javascriptEnabled":true,"loadImages":true,"localToRemoteUrlAccessEnabled":false,"userAgent":"Mozilla/5.0 (Windows NT 6.1; WOW64) AppleWebKit/538.1 (KHTML, like Gecko) PhantomJS/2.1.1 Safari/538.1","webSecurityEnabled":true}
[INFO  - 2016-12-07T03:34:13.934Z] Session [dbc28f50-bc2d-11e6-96db-7dc460dc10ec] - page.customHeaders:  - {}
[INFO  - 2016-12-07T03:34:16.577Z] Session [dbc28f50-bc2d-11e6-96db-7dc460dc10ec] - page.settings - {"XSSAuditingEnabled":false,"javascriptCanCloseWindows":true,"javascriptCanOpenWindows":true,"javascriptEnabled":true,"loadImages":true,"localToRemoteUrlAccessEnabled":false,"userAgent":"Mozilla/5.0 (Windows NT 6.1; WOW64) AppleWebKit/538.1 (KHTML, like Gecko) PhantomJS/2.1.1 Safari/538.1","webSecurityEnabled":true}
[INFO  - 2016-12-07T03:34:16.577Z] Session [dbc28f50-bc2d-11e6-96db-7dc460dc10ec] - page.customHeaders:  - {}
[INFO  - 2016-12-07T03:34:19.245Z] Session [dbc28f50-bc2d-11e6-96db-7dc460dc10ec] - page.settings - {"XSSAuditingEnabled":false,"javascriptCanCloseWindows":true,"javascriptCanOpenWindows":true,"javascriptEnabled":true,"loadImages":true,"localToRemoteUrlAccessEnabled":false,"userAgent":"Mozilla/5.0 (Windows NT 6.1; WOW64) AppleWebKit/538.1 (KHTML, like Gecko) PhantomJS/2.1.1 Safari/538.1","webSecurityEnabled":true}
[INFO  - 2016-12-07T03:34:19.245Z] Session [dbc28f50-bc2d-11e6-96db-7dc460dc10ec] - page.customHeaders:  - {}
[INFO  - 2016-12-07T03:34:22.365Z] Session [dbc28f50-bc2d-11e6-96db-7dc460dc10ec] - page.settings - {"XSSAuditingEnabled":false,"javascriptCanCloseWindows":true,"javascriptCanOpenWindows":true,"javascriptEnabled":true,"loadImages":true,"localToRemoteUrlAccessEnabled":false,"userAgent":"Mozilla/5.0 (Windows NT 6.1; WOW64) AppleWebKit/538.1 (KHTML, like Gecko) PhantomJS/2.1.1 Safari/538.1","webSecurityEnabled":true}
[INFO  - 2016-12-07T03:34:22.365Z] Session [dbc28f50-bc2d-11e6-96db-7dc460dc10ec] - page.customHeaders:  - {}
[INFO  - 2016-12-07T03:34:26.255Z] Session [dbc28f50-bc2d-11e6-96db-7dc460dc10ec] - page.settings - {"XSSAuditingEnabled":false,"javascriptCanCloseWindows":true,"javascriptCanOpenWindows":true,"javascriptEnabled":true,"loadImages":true,"localToRemoteUrlAccessEnabled":false,"userAgent":"Mozilla/5.0 (Windows NT 6.1; WOW64) AppleWebKit/538.1 (KHTML, like Gecko) PhantomJS/2.1.1 Safari/538.1","webSecurityEnabled":true}
[INFO  - 2016-12-07T03:34:26.255Z] Session [dbc28f50-bc2d-11e6-96db-7dc460dc10ec] - page.customHeaders:  - {}
[INFO  - 2016-12-07T03:34:28.685Z] Session [dbc28f50-bc2d-11e6-96db-7dc460dc10ec] - page.settings - {"XSSAuditingEnabled":false,"javascriptCanCloseWindows":true,"javascriptCanOpenWindows":true,"javascriptEnabled":true,"loadImages":true,"localToRemoteUrlAccessEnabled":false,"userAgent":"Mozilla/5.0 (Windows NT 6.1; WOW64) AppleWebKit/538.1 (KHTML, like Gecko) PhantomJS/2.1.1 Safari/538.1","webSecurityEnabled":true}
[INFO  - 2016-12-07T03:34:28.685Z] Session [dbc28f50-bc2d-11e6-96db-7dc460dc10ec] - page.customHeaders:  - {}
[INFO  - 2016-12-07T03:34:31.027Z] Session [dbc28f50-bc2d-11e6-96db-7dc460dc10ec] - page.settings - {"XSSAuditingEnabled":false,"javascriptCanCloseWindows":true,"javascriptCanOpenWindows":true,"javascriptEnabled":true,"loadImages":true,"localToRemoteUrlAccessEnabled":false,"userAgent":"Mozilla/5.0 (Windows NT 6.1; WOW64) AppleWebKit/538.1 (KHTML, like Gecko) PhantomJS/2.1.1 Safari/538.1","webSecurityEnabled":true}
[INFO  - 2016-12-07T03:34:31.027Z] Session [dbc28f50-bc2d-11e6-96db-7dc460dc10ec] - page.customHeaders:  - {}
[INFO  - 2016-12-07T03:34:33.907Z] Session [dbc28f50-bc2d-11e6-96db-7dc460dc10ec] - page.settings - {"XSSAuditingEnabled":false,"javascriptCanCloseWindows":true,"javascriptCanOpenWindows":true,"javascriptEnabled":true,"loadImages":true,"localToRemoteUrlAccessEnabled":false,"userAgent":"Mozilla/5.0 (Windows NT 6.1; WOW64) AppleWebKit/538.1 (KHTML, like Gecko) PhantomJS/2.1.1 Safari/538.1","webSecurityEnabled":true}
[INFO  - 2016-12-07T03:34:33.907Z] Session [dbc28f50-bc2d-11e6-96db-7dc460dc10ec] - page.customHeaders:  - {}
[INFO  - 2016-12-07T03:34:36.496Z] Session [dbc28f50-bc2d-11e6-96db-7dc460dc10ec] - page.settings - {"XSSAuditingEnabled":false,"javascriptCanCloseWindows":true,"javascriptCanOpenWindows":true,"javascriptEnabled":true,"loadImages":true,"localToRemoteUrlAccessEnabled":false,"userAgent":"Mozilla/5.0 (Windows NT 6.1; WOW64) AppleWebKit/538.1 (KHTML, like Gecko) PhantomJS/2.1.1 Safari/538.1","webSecurityEnabled":true}
[INFO  - 2016-12-07T03:34:36.496Z] Session [dbc28f50-bc2d-11e6-96db-7dc460dc10ec] - page.customHeaders:  - {}
[INFO  - 2016-12-07T03:34:38.913Z] Session [dbc28f50-bc2d-11e6-96db-7dc460dc10ec] - page.settings - {"XSSAuditingEnabled":false,"javascriptCanCloseWindows":true,"javascriptCanOpenWindows":true,"javascriptEnabled":true,"loadImages":true,"localToRemoteUrlAccessEnabled":false,"userAgent":"Mozilla/5.0 (Windows NT 6.1; WOW64) AppleWebKit/538.1 (KHTML, like Gecko) PhantomJS/2.1.1 Safari/538.1","webSecurityEnabled":true}
[INFO  - 2016-12-07T03:34:38.913Z] Session [dbc28f50-bc2d-11e6-96db-7dc460dc10ec] - page.customHeaders:  - {}
[INFO  - 2016-12-07T03:34:41.313Z] Session [dbc28f50-bc2d-11e6-96db-7dc460dc10ec] - page.settings - {"XSSAuditingEnabled":false,"javascriptCanCloseWindows":true,"javascriptCanOpenWindows":true,"javascriptEnabled":true,"loadImages":true,"localToRemoteUrlAccessEnabled":false,"userAgent":"Mozilla/5.0 (Windows NT 6.1; WOW64) AppleWebKit/538.1 (KHTML, like Gecko) PhantomJS/2.1.1 Safari/538.1","webSecurityEnabled":true}
[INFO  - 2016-12-07T03:34:41.313Z] Session [dbc28f50-bc2d-11e6-96db-7dc460dc10ec] - page.customHeaders:  - {}
[INFO  - 2016-12-07T03:34:44.473Z] Session [dbc28f50-bc2d-11e6-96db-7dc460dc10ec] - page.settings - {"XSSAuditingEnabled":false,"javascriptCanCloseWindows":true,"javascriptCanOpenWindows":true,"javascriptEnabled":true,"loadImages":true,"localToRemoteUrlAccessEnabled":false,"userAgent":"Mozilla/5.0 (Windows NT 6.1; WOW64) AppleWebKit/538.1 (KHTML, like Gecko) PhantomJS/2.1.1 Safari/538.1","webSecurityEnabled":true}
[INFO  - 2016-12-07T03:34:44.473Z] Session [dbc28f50-bc2d-11e6-96db-7dc460dc10ec] - page.customHeaders:  - {}
[INFO  - 2016-12-07T03:34:46.959Z] Session [dbc28f50-bc2d-11e6-96db-7dc460dc10ec] - page.settings - {"XSSAuditingEnabled":false,"javascriptCanCloseWindows":true,"javascriptCanOpenWindows":true,"javascriptEnabled":true,"loadImages":true,"localToRemoteUrlAccessEnabled":false,"userAgent":"Mozilla/5.0 (Windows NT 6.1; WOW64) AppleWebKit/538.1 (KHTML, like Gecko) PhantomJS/2.1.1 Safari/538.1","webSecurityEnabled":true}
[INFO  - 2016-12-07T03:34:46.959Z] Session [dbc28f50-bc2d-11e6-96db-7dc460dc10ec] - page.customHeaders:  - {}
[INFO  - 2016-12-07T03:34:49.462Z] Session [dbc28f50-bc2d-11e6-96db-7dc460dc10ec] - page.settings - {"XSSAuditingEnabled":false,"javascriptCanCloseWindows":true,"javascriptCanOpenWindows":true,"javascriptEnabled":true,"loadImages":true,"localToRemoteUrlAccessEnabled":false,"userAgent":"Mozilla/5.0 (Windows NT 6.1; WOW64) AppleWebKit/538.1 (KHTML, like Gecko) PhantomJS/2.1.1 Safari/538.1","webSecurityEnabled":true}
[INFO  - 2016-12-07T03:34:49.462Z] Session [dbc28f50-bc2d-11e6-96db-7dc460dc10ec] - page.customHeaders:  - {}
[INFO  - 2016-12-07T03:34:52.408Z] Session [dbc28f50-bc2d-11e6-96db-7dc460dc10ec] - page.settings - {"XSSAuditingEnabled":false,"javascriptCanCloseWindows":true,"javascriptCanOpenWindows":true,"javascriptEnabled":true,"loadImages":true,"localToRemoteUrlAccessEnabled":false,"userAgent":"Mozilla/5.0 (Windows NT 6.1; WOW64) AppleWebKit/538.1 (KHTML, like Gecko) PhantomJS/2.1.1 Safari/538.1","webSecurityEnabled":true}
[INFO  - 2016-12-07T03:34:52.408Z] Session [dbc28f50-bc2d-11e6-96db-7dc460dc10ec] - page.customHeaders:  - {}
[INFO  - 2016-12-07T03:34:56.523Z] Session [dbc28f50-bc2d-11e6-96db-7dc460dc10ec] - page.settings - {"XSSAuditingEnabled":false,"javascriptCanCloseWindows":true,"javascriptCanOpenWindows":true,"javascriptEnabled":true,"loadImages":true,"localToRemoteUrlAccessEnabled":false,"userAgent":"Mozilla/5.0 (Windows NT 6.1; WOW64) AppleWebKit/538.1 (KHTML, like Gecko) PhantomJS/2.1.1 Safari/538.1","webSecurityEnabled":true}
[INFO  - 2016-12-07T03:34:56.523Z] Session [dbc28f50-bc2d-11e6-96db-7dc460dc10ec] - page.customHeaders:  - {}
[INFO  - 2016-12-07T03:34:58.889Z] Session [dbc28f50-bc2d-11e6-96db-7dc460dc10ec] - page.settings - {"XSSAuditingEnabled":false,"javascriptCanCloseWindows":true,"javascriptCanOpenWindows":true,"javascriptEnabled":true,"loadImages":true,"localToRemoteUrlAccessEnabled":false,"userAgent":"Mozilla/5.0 (Windows NT 6.1; WOW64) AppleWebKit/538.1 (KHTML, like Gecko) PhantomJS/2.1.1 Safari/538.1","webSecurityEnabled":true}
[INFO  - 2016-12-07T03:34:58.889Z] Session [dbc28f50-bc2d-11e6-96db-7dc460dc10ec] - page.customHeaders:  - {}
[INFO  - 2016-12-07T03:35:01.205Z] Session [dbc28f50-bc2d-11e6-96db-7dc460dc10ec] - page.settings - {"XSSAuditingEnabled":false,"javascriptCanCloseWindows":true,"javascriptCanOpenWindows":true,"javascriptEnabled":true,"loadImages":true,"localToRemoteUrlAccessEnabled":false,"userAgent":"Mozilla/5.0 (Windows NT 6.1; WOW64) AppleWebKit/538.1 (KHTML, like Gecko) PhantomJS/2.1.1 Safari/538.1","webSecurityEnabled":true}
[INFO  - 2016-12-07T03:35:01.205Z] Session [dbc28f50-bc2d-11e6-96db-7dc460dc10ec] - page.customHeaders:  - {}
[INFO  - 2016-12-07T03:35:04.079Z] Session [dbc28f50-bc2d-11e6-96db-7dc460dc10ec] - page.settings - {"XSSAuditingEnabled":false,"javascriptCanCloseWindows":true,"javascriptCanOpenWindows":true,"javascriptEnabled":true,"loadImages":true,"localToRemoteUrlAccessEnabled":false,"userAgent":"Mozilla/5.0 (Windows NT 6.1; WOW64) AppleWebKit/538.1 (KHTML, like Gecko) PhantomJS/2.1.1 Safari/538.1","webSecurityEnabled":true}
[INFO  - 2016-12-07T03:35:04.079Z] Session [dbc28f50-bc2d-11e6-96db-7dc460dc10ec] - page.customHeaders:  - {}
[INFO  - 2016-12-07T03:35:06.595Z] Session [dbc28f50-bc2d-11e6-96db-7dc460dc10ec] - page.settings - {"XSSAuditingEnabled":false,"javascriptCanCloseWindows":true,"javascriptCanOpenWindows":true,"javascriptEnabled":true,"loadImages":true,"localToRemoteUrlAccessEnabled":false,"userAgent":"Mozilla/5.0 (Windows NT 6.1; WOW64) AppleWebKit/538.1 (KHTML, like Gecko) PhantomJS/2.1.1 Safari/538.1","webSecurityEnabled":true}
[INFO  - 2016-12-07T03:35:06.596Z] Session [dbc28f50-bc2d-11e6-96db-7dc460dc10ec] - page.customHeaders:  - {}
[INFO  - 2016-12-07T03:35:09.094Z] Session [dbc28f50-bc2d-11e6-96db-7dc460dc10ec] - page.settings - {"XSSAuditingEnabled":false,"javascriptCanCloseWindows":true,"javascriptCanOpenWindows":true,"javascriptEnabled":true,"loadImages":true,"localToRemoteUrlAccessEnabled":false,"userAgent":"Mozilla/5.0 (Windows NT 6.1; WOW64) AppleWebKit/538.1 (KHTML, like Gecko) PhantomJS/2.1.1 Safari/538.1","webSecurityEnabled":true}
[INFO  - 2016-12-07T03:35:09.094Z] Session [dbc28f50-bc2d-11e6-96db-7dc460dc10ec] - page.customHeaders:  - {}
[INFO  - 2016-12-07T03:35:12.373Z] Session [dbc28f50-bc2d-11e6-96db-7dc460dc10ec] - page.settings - {"XSSAuditingEnabled":false,"javascriptCanCloseWindows":true,"javascriptCanOpenWindows":true,"javascriptEnabled":true,"loadImages":true,"localToRemoteUrlAccessEnabled":false,"userAgent":"Mozilla/5.0 (Windows NT 6.1; WOW64) AppleWebKit/538.1 (KHTML, like Gecko) PhantomJS/2.1.1 Safari/538.1","webSecurityEnabled":true}
[INFO  - 2016-12-07T03:35:12.373Z] Session [dbc28f50-bc2d-11e6-96db-7dc460dc10ec] - page.customHeaders:  - {}
[INFO  - 2016-12-07T03:35:15.153Z] Session [dbc28f50-bc2d-11e6-96db-7dc460dc10ec] - page.settings - {"XSSAuditingEnabled":false,"javascriptCanCloseWindows":true,"javascriptCanOpenWindows":true,"javascriptEnabled":true,"loadImages":true,"localToRemoteUrlAccessEnabled":false,"userAgent":"Mozilla/5.0 (Windows NT 6.1; WOW64) AppleWebKit/538.1 (KHTML, like Gecko) PhantomJS/2.1.1 Safari/538.1","webSecurityEnabled":true}
[INFO  - 2016-12-07T03:35:15.153Z] Session [dbc28f50-bc2d-11e6-96db-7dc460dc10ec] - page.customHeaders:  - {}
[INFO  - 2016-12-07T03:38:02.594Z] SessionManagerReqHand - _cleanupWindowlessSessions - Asynchronous Sessions clean-up phase starting NOW
[INFO  - 2016-12-07T03:38:02.594Z] SessionManagerReqHand - _cleanupWindowlessSessions - Deleted Session 'dbc28f50-bc2d-11e6-96db-7dc460dc10ec', because windowless
[INFO  - 2016-12-07T03:40:35.712Z] GhostDriver - Main - running on port 46035
[INFO  - 2016-12-07T03:40:35.947Z] Session [e9dc1150-bc2e-11e6-9523-35aa715159a0] - page.settings - {"XSSAuditingEnabled":false,"javascriptCanCloseWindows":true,"javascriptCanOpenWindows":true,"javascriptEnabled":true,"loadImages":true,"localToRemoteUrlAccessEnabled":false,"userAgent":"Mozilla/5.0 (Windows NT 6.1; WOW64) AppleWebKit/538.1 (KHTML, like Gecko) PhantomJS/2.1.1 Safari/538.1","webSecurityEnabled":true}
[INFO  - 2016-12-07T03:40:35.947Z] Session [e9dc1150-bc2e-11e6-9523-35aa715159a0] - page.customHeaders:  - {}
[INFO  - 2016-12-07T03:40:35.947Z] Session [e9dc1150-bc2e-11e6-9523-35aa715159a0] - Session.negotiatedCapabilities - {"browserName":"phantomjs","version":"2.1.1","driverName":"ghostdriver","driverVersion":"1.2.0","platform":"windows-7-32bit","javascriptEnabled":true,"takesScreenshot":true,"handlesAlerts":false,"databaseEnabled":false,"locationContextEnabled":false,"applicationCacheEnabled":false,"browserConnectionEnabled":false,"cssSelectorsEnabled":true,"webStorageEnabled":false,"rotatable":false,"acceptSslCerts":false,"nativeEvents":true,"proxy":{"proxyType":"direct"}}
[INFO  - 2016-12-07T03:40:35.947Z] SessionManagerReqHand - _postNewSessionCommand - New Session Created: e9dc1150-bc2e-11e6-9523-35aa715159a0
[INFO  - 2016-12-07T03:45:36.176Z] SessionManagerReqHand - _cleanupWindowlessSessions - Asynchronous Sessions clean-up phase starting NOW
[INFO  - 2016-12-07T03:45:36.176Z] SessionManagerReqHand - _cleanupWindowlessSessions - Deleted Session 'e9dc1150-bc2e-11e6-9523-35aa715159a0', because windowless
Images":true,"localToRemoteUrlAccessEnabled":false,"userAgent":"Mozilla/5.0 (Windows NT 6.1; WOW64) AppleWebKit/538.1 (KHTML, like Gecko) PhantomJS/2.1.1 Safari/538.1","webSecurityEnabled":true}
[INFO  - 2016-12-07T03:40:57.416Z] Session [f6a82130-bc2e-11e6-8498-8d088ea79a59] - page.customHeaders:  - {}
[INFO  - 2016-12-07T03:40:57.416Z] Session [f6a82130-bc2e-11e6-8498-8d088ea79a59] - Session.negotiatedCapabilities - {"browserName":"phantomjs","version":"2.1.1","driverName":"ghostdriver","driverVersion":"1.2.0","platform":"windows-7-32bit","javascriptEnabled":true,"takesScreenshot":true,"handlesAlerts":false,"databaseEnabled":false,"locationContextEnabled":false,"applicationCacheEnabled":false,"browserConnectionEnabled":false,"cssSelectorsEnabled":true,"webStorageEnabled":false,"rotatable":false,"acceptSslCerts":false,"nativeEvents":true,"proxy":{"proxyType":"direct"}}
[INFO  - 2016-12-07T03:40:57.416Z] SessionManagerReqHand - _postNewSessionCommand - New Session Created: f6a82130-bc2e-11e6-8498-8d088ea79a59
[INFO  - 2016-12-07T03:40:58.453Z] Session [f6a82130-bc2e-11e6-8498-8d088ea79a59] - page.settings - {"XSSAuditingEnabled":false,"javascriptCanCloseWindows":true,"javascriptCanOpenWindows":true,"javascriptEnabled":true,"loadImages":true,"localToRemoteUrlAccessEnabled":false,"userAgent":"Mozilla/5.0 (Windows NT 6.1; WOW64) AppleWebKit/538.1 (KHTML, like Gecko) PhantomJS/2.1.1 Safari/538.1","webSecurityEnabled":true}
[INFO  - 2016-12-07T03:40:58.453Z] Session [f6a82130-bc2e-11e6-8498-8d088ea79a59] - page.customHeaders:  - {}
[INFO  - 2016-12-07T03:41:01.364Z] Session [f6a82130-bc2e-11e6-8498-8d088ea79a59] - page.settings - {"XSSAuditingEnabled":false,"javascriptCanCloseWindows":true,"javascriptCanOpenWindows":true,"javascriptEnabled":true,"loadImages":true,"localToRemoteUrlAccessEnabled":false,"userAgent":"Mozilla/5.0 (Windows NT 6.1; WOW64) AppleWebKit/538.1 (KHTML, like Gecko) PhantomJS/2.1.1 Safari/538.1","webSecurityEnabled":true}
[INFO  - 2016-12-07T03:41:01.364Z] Session [f6a82130-bc2e-11e6-8498-8d088ea79a59] - page.customHeaders:  - {}
[INFO  - 2016-12-07T03:41:04.494Z] Session [f6a82130-bc2e-11e6-8498-8d088ea79a59] - page.settings - {"XSSAuditingEnabled":false,"javascriptCanCloseWindows":true,"javascriptCanOpenWindows":true,"javascriptEnabled":true,"loadImages":true,"localToRemoteUrlAccessEnabled":false,"userAgent":"Mozilla/5.0 (Windows NT 6.1; WOW64) AppleWebKit/538.1 (KHTML, like Gecko) PhantomJS/2.1.1 Safari/538.1","webSecurityEnabled":true}
[INFO  - 2016-12-07T03:41:04.494Z] Session [f6a82130-bc2e-11e6-8498-8d088ea79a59] - page.customHeaders:  - {}
[INFO  - 2016-12-07T03:41:08.068Z] Session [f6a82130-bc2e-11e6-8498-8d088ea79a59] - page.settings - {"XSSAuditingEnabled":false,"javascriptCanCloseWindows":true,"javascriptCanOpenWindows":true,"javascriptEnabled":true,"loadImages":true,"localToRemoteUrlAccessEnabled":false,"userAgent":"Mozilla/5.0 (Windows NT 6.1; WOW64) AppleWebKit/538.1 (KHTML, like Gecko) PhantomJS/2.1.1 Safari/538.1","webSecurityEnabled":true}
[INFO  - 2016-12-07T03:41:08.069Z] Session [f6a82130-bc2e-11e6-8498-8d088ea79a59] - page.customHeaders:  - {}
[INFO  - 2016-12-07T03:41:10.427Z] Session [f6a82130-bc2e-11e6-8498-8d088ea79a59] - page.settings - {"XSSAuditingEnabled":false,"javascriptCanCloseWindows":true,"javascriptCanOpenWindows":true,"javascriptEnabled":true,"loadImages":true,"localToRemoteUrlAccessEnabled":false,"userAgent":"Mozilla/5.0 (Windows NT 6.1; WOW64) AppleWebKit/538.1 (KHTML, like Gecko) PhantomJS/2.1.1 Safari/538.1","webSecurityEnabled":true}
[INFO  - 2016-12-07T03:41:10.427Z] Session [f6a82130-bc2e-11e6-8498-8d088ea79a59] - page.customHeaders:  - {}
[INFO  - 2016-12-07T03:41:12.790Z] Session [f6a82130-bc2e-11e6-8498-8d088ea79a59] - page.settings - {"XSSAuditingEnabled":false,"javascriptCanCloseWindows":true,"javascriptCanOpenWindows":true,"javascriptEnabled":true,"loadImages":true,"localToRemoteUrlAccessEnabled":false,"userAgent":"Mozilla/5.0 (Windows NT 6.1; WOW64) AppleWebKit/538.1 (KHTML, like Gecko) PhantomJS/2.1.1 Safari/538.1","webSecurityEnabled":true}
[INFO  - 2016-12-07T03:41:12.790Z] Session [f6a82130-bc2e-11e6-8498-8d088ea79a59] - page.customHeaders:  - {}
[INFO  - 2016-12-07T03:41:17.212Z] Session [f6a82130-bc2e-11e6-8498-8d088ea79a59] - page.settings - {"XSSAuditingEnabled":false,"javascriptCanCloseWindows":true,"javascriptCanOpenWindows":true,"javascriptEnabled":true,"loadImages":true,"localToRemoteUrlAccessEnabled":false,"userAgent":"Mozilla/5.0 (Windows NT 6.1; WOW64) AppleWebKit/538.1 (KHTML, like Gecko) PhantomJS/2.1.1 Safari/538.1","webSecurityEnabled":true}
[INFO  - 2016-12-07T03:41:17.212Z] Session [f6a82130-bc2e-11e6-8498-8d088ea79a59] - page.customHeaders:  - {}
[INFO  - 2016-12-07T03:41:19.579Z] Session [f6a82130-bc2e-11e6-8498-8d088ea79a59] - page.settings - {"XSSAuditingEnabled":false,"javascriptCanCloseWindows":true,"javascriptCanOpenWindows":true,"javascriptEnabled":true,"loadImages":true,"localToRemoteUrlAccessEnabled":false,"userAgent":"Mozilla/5.0 (Windows NT 6.1; WOW64) AppleWebKit/538.1 (KHTML, like Gecko) PhantomJS/2.1.1 Safari/538.1","webSecurityEnabled":true}
[INFO  - 2016-12-07T03:41:19.579Z] Session [f6a82130-bc2e-11e6-8498-8d088ea79a59] - page.customHeaders:  - {}
[INFO  - 2016-12-07T03:41:22.751Z] Session [f6a82130-bc2e-11e6-8498-8d088ea79a59] - page.settings - {"XSSAuditingEnabled":false,"javascriptCanCloseWindows":true,"javascriptCanOpenWindows":true,"javascriptEnabled":true,"loadImages":true,"localToRemoteUrlAccessEnabled":false,"userAgent":"Mozilla/5.0 (Windows NT 6.1; WOW64) AppleWebKit/538.1 (KHTML, like Gecko) PhantomJS/2.1.1 Safari/538.1","webSecurityEnabled":true}
[INFO  - 2016-12-07T03:41:22.751Z] Session [f6a82130-bc2e-11e6-8498-8d088ea79a59] - page.customHeaders:  - {}
[INFO  - 2016-12-07T03:41:27.212Z] Session [f6a82130-bc2e-11e6-8498-8d088ea79a59] - page.settings - {"XSSAuditingEnabled":false,"javascriptCanCloseWindows":true,"javascriptCanOpenWindows":true,"javascriptEnabled":true,"loadImages":true,"localToRemoteUrlAccessEnabled":false,"userAgent":"Mozilla/5.0 (Windows NT 6.1; WOW64) AppleWebKit/538.1 (KHTML, like Gecko) PhantomJS/2.1.1 Safari/538.1","webSecurityEnabled":true}
[INFO  - 2016-12-07T03:41:27.212Z] Session [f6a82130-bc2e-11e6-8498-8d088ea79a59] - page.customHeaders:  - {}
[INFO  - 2016-12-07T03:41:29.604Z] Session [f6a82130-bc2e-11e6-8498-8d088ea79a59] - page.settings - {"XSSAuditingEnabled":false,"javascriptCanCloseWindows":true,"javascriptCanOpenWindows":true,"javascriptEnabled":true,"loadImages":true,"localToRemoteUrlAccessEnabled":false,"userAgent":"Mozilla/5.0 (Windows NT 6.1; WOW64) AppleWebKit/538.1 (KHTML, like Gecko) PhantomJS/2.1.1 Safari/538.1","webSecurityEnabled":true}
[INFO  - 2016-12-07T03:41:29.605Z] Session [f6a82130-bc2e-11e6-8498-8d088ea79a59] - page.customHeaders:  - {}
[INFO  - 2016-12-07T03:41:32.757Z] Session [f6a82130-bc2e-11e6-8498-8d088ea79a59] - page.settings - {"XSSAuditingEnabled":false,"javascriptCanCloseWindows":true,"javascriptCanOpenWindows":true,"javascriptEnabled":true,"loadImages":true,"localToRemoteUrlAccessEnabled":false,"userAgent":"Mozilla/5.0 (Windows NT 6.1; WOW64) AppleWebKit/538.1 (KHTML, like Gecko) PhantomJS/2.1.1 Safari/538.1","webSecurityEnabled":true}
[INFO  - 2016-12-07T03:41:32.757Z] Session [f6a82130-bc2e-11e6-8498-8d088ea79a59] - page.customHeaders:  - {}
[INFO  - 2016-12-07T03:41:37.225Z] Session [f6a82130-bc2e-11e6-8498-8d088ea79a59] - page.settings - {"XSSAuditingEnabled":false,"javascriptCanCloseWindows":true,"javascriptCanOpenWindows":true,"javascriptEnabled":true,"loadImages":true,"localToRemoteUrlAccessEnabled":false,"userAgent":"Mozilla/5.0 (Windows NT 6.1; WOW64) AppleWebKit/538.1 (KHTML, like Gecko) PhantomJS/2.1.1 Safari/538.1","webSecurityEnabled":true}
[INFO  - 2016-12-07T03:41:37.225Z] Session [f6a82130-bc2e-11e6-8498-8d088ea79a59] - page.customHeaders:  - {}
[INFO  - 2016-12-07T03:41:39.575Z] Session [f6a82130-bc2e-11e6-8498-8d088ea79a59] - page.settings - {"XSSAuditingEnabled":false,"javascriptCanCloseWindows":true,"javascriptCanOpenWindows":true,"javascriptEnabled":true,"loadImages":true,"localToRemoteUrlAccessEnabled":false,"userAgent":"Mozilla/5.0 (Windows NT 6.1; WOW64) AppleWebKit/538.1 (KHTML, like Gecko) PhantomJS/2.1.1 Safari/538.1","webSecurityEnabled":true}
[INFO  - 2016-12-07T03:41:39.575Z] Session [f6a82130-bc2e-11e6-8498-8d088ea79a59] - page.customHeaders:  - {}
[INFO  - 2016-12-07T03:41:42.793Z] Session [f6a82130-bc2e-11e6-8498-8d088ea79a59] - page.settings - {"XSSAuditingEnabled":false,"javascriptCanCloseWindows":true,"javascriptCanOpenWindows":true,"javascriptEnabled":true,"loadImages":true,"localToRemoteUrlAccessEnabled":false,"userAgent":"Mozilla/5.0 (Windows NT 6.1; WOW64) AppleWebKit/538.1 (KHTML, like Gecko) PhantomJS/2.1.1 Safari/538.1","webSecurityEnabled":true}
[INFO  - 2016-12-07T03:41:42.793Z] Session [f6a82130-bc2e-11e6-8498-8d088ea79a59] - page.customHeaders:  - {}
[INFO  - 2016-12-07T03:41:47.226Z] Session [f6a82130-bc2e-11e6-8498-8d088ea79a59] - page.settings - {"XSSAuditingEnabled":false,"javascriptCanCloseWindows":true,"javascriptCanOpenWindows":true,"javascriptEnabled":true,"loadImages":true,"localToRemoteUrlAccessEnabled":false,"userAgent":"Mozilla/5.0 (Windows NT 6.1; WOW64) AppleWebKit/538.1 (KHTML, like Gecko) PhantomJS/2.1.1 Safari/538.1","webSecurityEnabled":true}
[INFO  - 2016-12-07T03:41:47.226Z] Session [f6a82130-bc2e-11e6-8498-8d088ea79a59] - page.customHeaders:  - {}
[INFO  - 2016-12-07T03:41:49.603Z] Session [f6a82130-bc2e-11e6-8498-8d088ea79a59] - page.settings - {"XSSAuditingEnabled":false,"javascriptCanCloseWindows":true,"javascriptCanOpenWindows":true,"javascriptEnabled":true,"loadImages":true,"localToRemoteUrlAccessEnabled":false,"userAgent":"Mozilla/5.0 (Windows NT 6.1; WOW64) AppleWebKit/538.1 (KHTML, like Gecko) PhantomJS/2.1.1 Safari/538.1","webSecurityEnabled":true}
[INFO  - 2016-12-07T03:41:49.603Z] Session [f6a82130-bc2e-11e6-8498-8d088ea79a59] - page.customHeaders:  - {}
[INFO  - 2016-12-07T03:41:52.768Z] Session [f6a82130-bc2e-11e6-8498-8d088ea79a59] - page.settings - {"XSSAuditingEnabled":false,"javascriptCanCloseWindows":true,"javascriptCanOpenWindows":true,"javascriptEnabled":true,"loadImages":true,"localToRemoteUrlAccessEnabled":false,"userAgent":"Mozilla/5.0 (Windows NT 6.1; WOW64) AppleWebKit/538.1 (KHTML, like Gecko) PhantomJS/2.1.1 Safari/538.1","webSecurityEnabled":true}
[INFO  - 2016-12-07T03:41:52.768Z] Session [f6a82130-bc2e-11e6-8498-8d088ea79a59] - page.customHeaders:  - {}
[INFO  - 2016-12-07T03:41:57.185Z] Session [f6a82130-bc2e-11e6-8498-8d088ea79a59] - page.settings - {"XSSAuditingEnabled":false,"javascriptCanCloseWindows":true,"javascriptCanOpenWindows":true,"javascriptEnabled":true,"loadImages":true,"localToRemoteUrlAccessEnabled":false,"userAgent":"Mozilla/5.0 (Windows NT 6.1; WOW64) AppleWebKit/538.1 (KHTML, like Gecko) PhantomJS/2.1.1 Safari/538.1","webSecurityEnabled":true}
[INFO  - 2016-12-07T03:41:57.185Z] Session [f6a82130-bc2e-11e6-8498-8d088ea79a59] - page.customHeaders:  - {}
[INFO  - 2016-12-07T03:41:59.550Z] Session [f6a82130-bc2e-11e6-8498-8d088ea79a59] - page.settings - {"XSSAuditingEnabled":false,"javascriptCanCloseWindows":true,"javascriptCanOpenWindows":true,"javascriptEnabled":true,"loadImages":true,"localToRemoteUrlAccessEnabled":false,"userAgent":"Mozilla/5.0 (Windows NT 6.1; WOW64) AppleWebKit/538.1 (KHTML, like Gecko) PhantomJS/2.1.1 Safari/538.1","webSecurityEnabled":true}
[INFO  - 2016-12-07T03:41:59.550Z] Session [f6a82130-bc2e-11e6-8498-8d088ea79a59] - page.customHeaders:  - {}
[INFO  - 2016-12-07T03:42:02.778Z] Session [f6a82130-bc2e-11e6-8498-8d088ea79a59] - page.settings - {"XSSAuditingEnabled":false,"javascriptCanCloseWindows":true,"javascriptCanOpenWindows":true,"javascriptEnabled":true,"loadImages":true,"localToRemoteUrlAccessEnabled":false,"userAgent":"Mozilla/5.0 (Windows NT 6.1; WOW64) AppleWebKit/538.1 (KHTML, like Gecko) PhantomJS/2.1.1 Safari/538.1","webSecurityEnabled":true}
[INFO  - 2016-12-07T03:42:02.778Z] Session [f6a82130-bc2e-11e6-8498-8d088ea79a59] - page.customHeaders:  - {}
[INFO  - 2016-12-07T03:42:07.185Z] Session [f6a82130-bc2e-11e6-8498-8d088ea79a59] - page.settings - {"XSSAuditingEnabled":false,"javascriptCanCloseWindows":true,"javascriptCanOpenWindows":true,"javascriptEnabled":true,"loadImages":true,"localToRemoteUrlAccessEnabled":false,"userAgent":"Mozilla/5.0 (Windows NT 6.1; WOW64) AppleWebKit/538.1 (KHTML, like Gecko) PhantomJS/2.1.1 Safari/538.1","webSecurityEnabled":true}
[INFO  - 2016-12-07T03:42:07.185Z] Session [f6a82130-bc2e-11e6-8498-8d088ea79a59] - page.customHeaders:  - {}
[INFO  - 2016-12-07T03:42:09.492Z] Session [f6a82130-bc2e-11e6-8498-8d088ea79a59] - page.settings - {"XSSAuditingEnabled":false,"javascriptCanCloseWindows":true,"javascriptCanOpenWindows":true,"javascriptEnabled":true,"loadImages":true,"localToRemoteUrlAccessEnabled":false,"userAgent":"Mozilla/5.0 (Windows NT 6.1; WOW64) AppleWebKit/538.1 (KHTML, like Gecko) PhantomJS/2.1.1 Safari/538.1","webSecurityEnabled":true}
[INFO  - 2016-12-07T03:42:09.492Z] Session [f6a82130-bc2e-11e6-8498-8d088ea79a59] - page.customHeaders:  - {}
[INFO  - 2016-12-07T03:42:12.754Z] Session [f6a82130-bc2e-11e6-8498-8d088ea79a59] - page.settings - {"XSSAuditingEnabled":false,"javascriptCanCloseWindows":true,"javascriptCanOpenWindows":true,"javascriptEnabled":true,"loadImages":true,"localToRemoteUrlAccessEnabled":false,"userAgent":"Mozilla/5.0 (Windows NT 6.1; WOW64) AppleWebKit/538.1 (KHTML, like Gecko) PhantomJS/2.1.1 Safari/538.1","webSecurityEnabled":true}
[INFO  - 2016-12-07T03:42:12.754Z] Session [f6a82130-bc2e-11e6-8498-8d088ea79a59] - page.customHeaders:  - {}
[INFO  - 2016-12-07T03:42:15.559Z] Session [f6a82130-bc2e-11e6-8498-8d088ea79a59] - page.settings - {"XSSAuditingEnabled":false,"javascriptCanCloseWindows":true,"javascriptCanOpenWindows":true,"javascriptEnabled":true,"loadImages":true,"localToRemoteUrlAccessEnabled":false,"userAgent":"Mozilla/5.0 (Windows NT 6.1; WOW64) AppleWebKit/538.1 (KHTML, like Gecko) PhantomJS/2.1.1 Safari/538.1","webSecurityEnabled":true}
[INFO  - 2016-12-07T03:42:15.559Z] Session [f6a82130-bc2e-11e6-8498-8d088ea79a59] - page.customHeaders:  - {}
[INFO  - 2016-12-07T03:42:18.001Z] Session [f6a82130-bc2e-11e6-8498-8d088ea79a59] - page.settings - {"XSSAuditingEnabled":false,"javascriptCanCloseWindows":true,"javascriptCanOpenWindows":true,"javascriptEnabled":true,"loadImages":true,"localToRemoteUrlAccessEnabled":false,"userAgent":"Mozilla/5.0 (Windows NT 6.1; WOW64) AppleWebKit/538.1 (KHTML, like Gecko) PhantomJS/2.1.1 Safari/538.1","webSecurityEnabled":true}
[INFO  - 2016-12-07T03:42:18.001Z] Session [f6a82130-bc2e-11e6-8498-8d088ea79a59] - page.customHeaders:  - {}
[INFO  - 2016-12-07T03:42:20.357Z] Session [f6a82130-bc2e-11e6-8498-8d088ea79a59] - page.settings - {"XSSAuditingEnabled":false,"javascriptCanCloseWindows":true,"javascriptCanOpenWindows":true,"javascriptEnabled":true,"loadImages":true,"localToRemoteUrlAccessEnabled":false,"userAgent":"Mozilla/5.0 (Windows NT 6.1; WOW64) AppleWebKit/538.1 (KHTML, like Gecko) PhantomJS/2.1.1 Safari/538.1","webSecurityEnabled":true}
[INFO  - 2016-12-07T03:42:20.357Z] Session [f6a82130-bc2e-11e6-8498-8d088ea79a59] - page.customHeaders:  - {}
[INFO  - 2016-12-07T03:42:22.790Z] Session [f6a82130-bc2e-11e6-8498-8d088ea79a59] - page.settings - {"XSSAuditingEnabled":false,"javascriptCanCloseWindows":true,"javascriptCanOpenWindows":true,"javascriptEnabled":true,"loadImages":true,"localToRemoteUrlAccessEnabled":false,"userAgent":"Mozilla/5.0 (Windows NT 6.1; WOW64) AppleWebKit/538.1 (KHTML, like Gecko) PhantomJS/2.1.1 Safari/538.1","webSecurityEnabled":true}
[INFO  - 2016-12-07T03:42:22.790Z] Session [f6a82130-bc2e-11e6-8498-8d088ea79a59] - page.customHeaders:  - {}
[INFO  - 2016-12-07T03:42:27.269Z] Session [f6a82130-bc2e-11e6-8498-8d088ea79a59] - page.settings - {"XSSAuditingEnabled":false,"javascriptCanCloseWindows":true,"javascriptCanOpenWindows":true,"javascriptEnabled":true,"loadImages":true,"localToRemoteUrlAccessEnabled":false,"userAgent":"Mozilla/5.0 (Windows NT 6.1; WOW64) AppleWebKit/538.1 (KHTML, like Gecko) PhantomJS/2.1.1 Safari/538.1","webSecurityEnabled":true}
[INFO  - 2016-12-07T03:42:27.269Z] Session [f6a82130-bc2e-11e6-8498-8d088ea79a59] - page.customHeaders:  - {}
[INFO  - 2016-12-07T03:42:29.616Z] Session [f6a82130-bc2e-11e6-8498-8d088ea79a59] - page.settings - {"XSSAuditingEnabled":false,"javascriptCanCloseWindows":true,"javascriptCanOpenWindows":true,"javascriptEnabled":true,"loadImages":true,"localToRemoteUrlAccessEnabled":false,"userAgent":"Mozilla/5.0 (Windows NT 6.1; WOW64) AppleWebKit/538.1 (KHTML, like Gecko) PhantomJS/2.1.1 Safari/538.1","webSecurityEnabled":true}
[INFO  - 2016-12-07T03:42:29.616Z] Session [f6a82130-bc2e-11e6-8498-8d088ea79a59] - page.customHeaders:  - {}
[INFO  - 2016-12-07T03:42:32.843Z] Session [f6a82130-bc2e-11e6-8498-8d088ea79a59] - page.settings - {"XSSAuditingEnabled":false,"javascriptCanCloseWindows":true,"javascriptCanOpenWindows":true,"javascriptEnabled":true,"loadImages":true,"localToRemoteUrlAccessEnabled":false,"userAgent":"Mozilla/5.0 (Windows NT 6.1; WOW64) AppleWebKit/538.1 (KHTML, like Gecko) PhantomJS/2.1.1 Safari/538.1","webSecurityEnabled":true}
[INFO  - 2016-12-07T03:42:32.843Z] Session [f6a82130-bc2e-11e6-8498-8d088ea79a59] - page.customHeaders:  - {}
[INFO  - 2016-12-07T03:42:37.270Z] Session [f6a82130-bc2e-11e6-8498-8d088ea79a59] - page.settings - {"XSSAuditingEnabled":false,"javascriptCanCloseWindows":true,"javascriptCanOpenWindows":true,"javascriptEnabled":true,"loadImages":true,"localToRemoteUrlAccessEnabled":false,"userAgent":"Mozilla/5.0 (Windows NT 6.1; WOW64) AppleWebKit/538.1 (KHTML, like Gecko) PhantomJS/2.1.1 Safari/538.1","webSecurityEnabled":true}
[INFO  - 2016-12-07T03:42:37.270Z] Session [f6a82130-bc2e-11e6-8498-8d088ea79a59] - page.customHeaders:  - {}
[INFO  - 2016-12-07T03:42:39.655Z] Session [f6a82130-bc2e-11e6-8498-8d088ea79a59] - page.settings - {"XSSAuditingEnabled":false,"javascriptCanCloseWindows":true,"javascriptCanOpenWindows":true,"javascriptEnabled":true,"loadImages":true,"localToRemoteUrlAccessEnabled":false,"userAgent":"Mozilla/5.0 (Windows NT 6.1; WOW64) AppleWebKit/538.1 (KHTML, like Gecko) PhantomJS/2.1.1 Safari/538.1","webSecurityEnabled":true}
[INFO  - 2016-12-07T03:42:39.655Z] Session [f6a82130-bc2e-11e6-8498-8d088ea79a59] - page.customHeaders:  - {}
[INFO  - 2016-12-07T03:42:42.803Z] Session [f6a82130-bc2e-11e6-8498-8d088ea79a59] - page.settings - {"XSSAuditingEnabled":false,"javascriptCanCloseWindows":true,"javascriptCanOpenWindows":true,"javascriptEnabled":true,"loadImages":true,"localToRemoteUrlAccessEnabled":false,"userAgent":"Mozilla/5.0 (Windows NT 6.1; WOW64) AppleWebKit/538.1 (KHTML, like Gecko) PhantomJS/2.1.1 Safari/538.1","webSecurityEnabled":true}
[INFO  - 2016-12-07T03:42:42.803Z] Session [f6a82130-bc2e-11e6-8498-8d088ea79a59] - page.customHeaders:  - {}
[INFO  - 2016-12-07T03:42:47.231Z] Session [f6a82130-bc2e-11e6-8498-8d088ea79a59] - page.settings - {"XSSAuditingEnabled":false,"javascriptCanCloseWindows":true,"javascriptCanOpenWindows":true,"javascriptEnabled":true,"loadImages":true,"localToRemoteUrlAccessEnabled":false,"userAgent":"Mozilla/5.0 (Windows NT 6.1; WOW64) AppleWebKit/538.1 (KHTML, like Gecko) PhantomJS/2.1.1 Safari/538.1","webSecurityEnabled":true}
[INFO  - 2016-12-07T03:42:47.231Z] Session [f6a82130-bc2e-11e6-8498-8d088ea79a59] - page.customHeaders:  - {}
[INFO  - 2016-12-07T03:42:49.592Z] Session [f6a82130-bc2e-11e6-8498-8d088ea79a59] - page.settings - {"XSSAuditingEnabled":false,"javascriptCanCloseWindows":true,"javascriptCanOpenWindows":true,"javascriptEnabled":true,"loadImages":true,"localToRemoteUrlAccessEnabled":false,"userAgent":"Mozilla/5.0 (Windows NT 6.1; WOW64) AppleWebKit/538.1 (KHTML, like Gecko) PhantomJS/2.1.1 Safari/538.1","webSecurityEnabled":true}
[INFO  - 2016-12-07T03:42:49.592Z] Session [f6a82130-bc2e-11e6-8498-8d088ea79a59] - page.customHeaders:  - {}
[INFO  - 2016-12-07T03:42:52.802Z] Session [f6a82130-bc2e-11e6-8498-8d088ea79a59] - page.settings - {"XSSAuditingEnabled":false,"javascriptCanCloseWindows":true,"javascriptCanOpenWindows":true,"javascriptEnabled":true,"loadImages":true,"localToRemoteUrlAccessEnabled":false,"userAgent":"Mozilla/5.0 (Windows NT 6.1; WOW64) AppleWebKit/538.1 (KHTML, like Gecko) PhantomJS/2.1.1 Safari/538.1","webSecurityEnabled":true}
[INFO  - 2016-12-07T03:42:52.802Z] Session [f6a82130-bc2e-11e6-8498-8d088ea79a59] - page.customHeaders:  - {}
[INFO  - 2016-12-07T03:42:55.611Z] Session [f6a82130-bc2e-11e6-8498-8d088ea79a59] - page.settings - {"XSSAuditingEnabled":false,"javascriptCanCloseWindows":true,"javascriptCanOpenWindows":true,"javascriptEnabled":true,"loadImages":true,"localToRemoteUrlAccessEnabled":false,"userAgent":"Mozilla/5.0 (Windows NT 6.1; WOW64) AppleWebKit/538.1 (KHTML, like Gecko) PhantomJS/2.1.1 Safari/538.1","webSecurityEnabled":true}
[INFO  - 2016-12-07T03:42:55.611Z] Session [f6a82130-bc2e-11e6-8498-8d088ea79a59] - page.customHeaders:  - {}
[INFO  - 2016-12-07T03:42:57.938Z] Session [f6a82130-bc2e-11e6-8498-8d088ea79a59] - page.settings - {"XSSAuditingEnabled":false,"javascriptCanCloseWindows":true,"javascriptCanOpenWindows":true,"javascriptEnabled":true,"loadImages":true,"localToRemoteUrlAccessEnabled":false,"userAgent":"Mozilla/5.0 (Windows NT 6.1; WOW64) AppleWebKit/538.1 (KHTML, like Gecko) PhantomJS/2.1.1 Safari/538.1","webSecurityEnabled":true}
[INFO  - 2016-12-07T03:42:57.938Z] Session [f6a82130-bc2e-11e6-8498-8d088ea79a59] - page.customHeaders:  - {}
[INFO  - 2016-12-07T03:43:00.228Z] Session [f6a82130-bc2e-11e6-8498-8d088ea79a59] - page.settings - {"XSSAuditingEnabled":false,"javascriptCanCloseWindows":true,"javascriptCanOpenWindows":true,"javascriptEnabled":true,"loadImages":true,"localToRemoteUrlAccessEnabled":false,"userAgent":"Mozilla/5.0 (Windows NT 6.1; WOW64) AppleWebKit/538.1 (KHTML, like Gecko) PhantomJS/2.1.1 Safari/538.1","webSecurityEnabled":true}
[INFO  - 2016-12-07T03:43:00.228Z] Session [f6a82130-bc2e-11e6-8498-8d088ea79a59] - page.customHeaders:  - {}
[INFO  - 2016-12-07T03:43:02.837Z] Session [f6a82130-bc2e-11e6-8498-8d088ea79a59] - page.settings - {"XSSAuditingEnabled":false,"javascriptCanCloseWindows":true,"javascriptCanOpenWindows":true,"javascriptEnabled":true,"loadImages":true,"localToRemoteUrlAccessEnabled":false,"userAgent":"Mozilla/5.0 (Windows NT 6.1; WOW64) AppleWebKit/538.1 (KHTML, like Gecko) PhantomJS/2.1.1 Safari/538.1","webSecurityEnabled":true}
[INFO  - 2016-12-07T03:43:02.837Z] Session [f6a82130-bc2e-11e6-8498-8d088ea79a59] - page.customHeaders:  - {}
[INFO  - 2016-12-07T03:43:07.264Z] Session [f6a82130-bc2e-11e6-8498-8d088ea79a59] - page.settings - {"XSSAuditingEnabled":false,"javascriptCanCloseWindows":true,"javascriptCanOpenWindows":true,"javascriptEnabled":true,"loadImages":true,"localToRemoteUrlAccessEnabled":false,"userAgent":"Mozilla/5.0 (Windows NT 6.1; WOW64) AppleWebKit/538.1 (KHTML, like Gecko) PhantomJS/2.1.1 Safari/538.1","webSecurityEnabled":true}
[INFO  - 2016-12-07T03:43:07.264Z] Session [f6a82130-bc2e-11e6-8498-8d088ea79a59] - page.customHeaders:  - {}
[INFO  - 2016-12-07T03:43:09.556Z] Session [f6a82130-bc2e-11e6-8498-8d088ea79a59] - page.settings - {"XSSAuditingEnabled":false,"javascriptCanCloseWindows":true,"javascriptCanOpenWindows":true,"javascriptEnabled":true,"loadImages":true,"localToRemoteUrlAccessEnabled":false,"userAgent":"Mozilla/5.0 (Windows NT 6.1; WOW64) AppleWebKit/538.1 (KHTML, like Gecko) PhantomJS/2.1.1 Safari/538.1","webSecurityEnabled":true}
[INFO  - 2016-12-07T03:43:09.556Z] Session [f6a82130-bc2e-11e6-8498-8d088ea79a59] - page.customHeaders:  - {}
[INFO  - 2016-12-07T03:43:11.897Z] Session [f6a82130-bc2e-11e6-8498-8d088ea79a59] - page.settings - {"XSSAuditingEnabled":false,"javascriptCanCloseWindows":true,"javascriptCanOpenWindows":true,"javascriptEnabled":true,"loadImages":true,"localToRemoteUrlAccessEnabled":false,"userAgent":"Mozilla/5.0 (Windows NT 6.1; WOW64) AppleWebKit/538.1 (KHTML, like Gecko) PhantomJS/2.1.1 Safari/538.1","webSecurityEnabled":true}
[INFO  - 2016-12-07T03:43:11.897Z] Session [f6a82130-bc2e-11e6-8498-8d088ea79a59] - page.customHeaders:  - {}
[INFO  - 2016-12-07T03:45:57.143Z] SessionManagerReqHand - _cleanupWindowlessSessions - Asynchronous Sessions clean-up phase starting NOW
[INFO  - 2016-12-07T03:45:57.143Z] SessionManagerReqHand - _cleanupWindowlessSessions - Deleted Session 'f6a82130-bc2e-11e6-8498-8d088ea79a59', because windowless
[INFO  - 2016-12-07T05:05:02.507Z] GhostDriver - Main - running on port 42053
[INFO  - 2016-12-07T05:05:02.668Z] Session [b5dc5660-bc3a-11e6-ab63-637e512c184d] - page.settings - {"XSSAuditingEnabled":false,"javascriptCanCloseWindows":true,"javascriptCanOpenWindows":true,"javascriptEnabled":true,"loadImages":true,"localToRemoteUrlAccessEnabled":false,"userAgent":"Mozilla/5.0 (Windows NT 6.1; WOW64) AppleWebKit/538.1 (KHTML, like Gecko) PhantomJS/2.1.1 Safari/538.1","webSecurityEnabled":true}
[INFO  - 2016-12-07T05:05:02.668Z] Session [b5dc5660-bc3a-11e6-ab63-637e512c184d] - page.customHeaders:  - {}
[INFO  - 2016-12-07T05:05:02.668Z] Session [b5dc5660-bc3a-11e6-ab63-637e512c184d] - Session.negotiatedCapabilities - {"browserName":"phantomjs","version":"2.1.1","driverName":"ghostdriver","driverVersion":"1.2.0","platform":"windows-7-32bit","javascriptEnabled":true,"takesScreenshot":true,"handlesAlerts":false,"databaseEnabled":false,"locationContextEnabled":false,"applicationCacheEnabled":false,"browserConnectionEnabled":false,"cssSelectorsEnabled":true,"webStorageEnabled":false,"rotatable":false,"acceptSslCerts":false,"nativeEvents":true,"proxy":{"proxyType":"direct"}}
[INFO  - 2016-12-07T05:05:02.669Z] SessionManagerReqHand - _postNewSessionCommand - New Session Created: b5dc5660-bc3a-11e6-ab63-637e512c184d
[ERROR - 2016-12-07T05:05:03.573Z] WebElementLocator - _handleLocateCommand - Element(s) NOT Found: GAVE UP. Search Stop Time: 1481087103520
